<?xml version="1.0" encoding="UTF-8"?>
<coverage generated="1781188194477" clover="3.2.0">
  <project timestamp="1781188194477" name="All files">
    <metrics statements="1204" coveredstatements="670" conditionals="1074" coveredconditionals="331" methods="496" coveredmethods="152" elements="2774" coveredelements="1153" complexity="0" loc="1204" ncloc="1204" packages="6" files="39" classes="39"/>
    <package name="components.chat">
      <metrics statements="510" coveredstatements="250" conditionals="704" coveredconditionals="218" methods="195" coveredmethods="51"/>
      <file name="AdminPanel.tsx" path="C:\Users\user\OneDrive\Desktop\Virtuel.fr\Nouveau dossier\extracted\virtuel-st\src\components\chat\AdminPanel.tsx">
        <metrics statements="30" coveredstatements="17" conditionals="32" coveredconditionals="15" methods="8" coveredmethods="3"/>
        <line num="18" count="1" type="stmt"/>
        <line num="29" count="5" type="stmt"/>
        <line num="30" count="5" type="stmt"/>
        <line num="31" count="5" type="stmt"/>
        <line num="32" count="5" type="stmt"/>
        <line num="33" count="5" type="stmt"/>
        <line num="34" count="5" type="stmt"/>
        <line num="37" count="5" type="stmt"/>
        <line num="38" count="5" type="cond" truecount="1" falsecount="1"/>
        <line num="39" count="5" type="stmt"/>
        <line num="44" count="5" type="stmt"/>
        <line num="45" count="0" type="cond" truecount="0" falsecount="2"/>
        <line num="46" count="0" type="stmt"/>
        <line num="51" count="5" type="stmt"/>
        <line num="52" count="0" type="cond" truecount="0" falsecount="4"/>
        <line num="53" count="0" type="stmt"/>
        <line num="54" count="0" type="stmt"/>
        <line num="55" count="0" type="stmt"/>
        <line num="57" count="0" type="cond" truecount="0" falsecount="4"/>
        <line num="58" count="0" type="stmt"/>
        <line num="59" count="0" type="stmt"/>
        <line num="60" count="0" type="stmt"/>
        <line num="64" count="5" type="stmt"/>
        <line num="85" count="0" type="stmt"/>
        <line num="99" count="35" type="stmt"/>
        <line num="100" count="35" type="stmt"/>
        <line num="101" count="35" type="stmt"/>
        <line num="102" count="35" type="stmt"/>
        <line num="106" count="0" type="stmt"/>
        <line num="107" count="0" type="stmt"/>
      </file>
      <file name="Avatar.tsx" path="C:\Users\user\OneDrive\Desktop\Virtuel.fr\Nouveau dossier\extracted\virtuel-st\src\components\chat\Avatar.tsx">
        <metrics statements="5" coveredstatements="5" conditionals="5" coveredconditionals="3" methods="1" coveredmethods="1"/>
        <line num="12" count="9" type="cond" truecount="1" falsecount="0"/>
        <line num="13" count="17" type="cond" truecount="1" falsecount="1"/>
        <line num="14" count="17" type="stmt"/>
        <line num="20" count="17" type="cond" truecount="1" falsecount="1"/>
        <line num="21" count="17" type="stmt"/>
      </file>
      <file name="ChatArea.tsx" path="C:\Users\user\OneDrive\Desktop\Virtuel.fr\Nouveau dossier\extracted\virtuel-st\src\components\chat\ChatArea.tsx">
        <metrics statements="163" coveredstatements="62" conditionals="207" coveredconditionals="34" methods="62" coveredmethods="11"/>
        <line num="18" count="0" type="stmt"/>
        <line num="19" count="0" type="stmt"/>
        <line num="33" count="0" type="cond" truecount="0" falsecount="2"/>
        <line num="34" count="0" type="stmt"/>
        <line num="38" count="0" type="stmt"/>
        <line num="48" count="5" type="cond" truecount="2" falsecount="2"/>
        <line num="49" count="0" type="stmt"/>
        <line num="54" count="0" type="cond" truecount="0" falsecount="5"/>
        <line num="55" count="0" type="stmt"/>
        <line num="66" count="10" type="stmt"/>
        <line num="67" count="10" type="stmt"/>
        <line num="68" count="10" type="stmt"/>
        <line num="69" count="10" type="stmt"/>
        <line num="70" count="10" type="stmt"/>
        <line num="71" count="10" type="stmt"/>
        <line num="73" count="10" type="stmt"/>
        <line num="74" count="10" type="stmt"/>
        <line num="75" count="10" type="stmt"/>
        <line num="76" count="10" type="stmt"/>
        <line num="77" count="10" type="stmt"/>
        <line num="78" count="10" type="stmt"/>
        <line num="80" count="10" type="stmt"/>
        <line num="81" count="10" type="stmt"/>
        <line num="82" count="10" type="stmt"/>
        <line num="83" count="10" type="stmt"/>
        <line num="84" count="10" type="stmt"/>
        <line num="85" count="10" type="stmt"/>
        <line num="86" count="10" type="stmt"/>
        <line num="87" count="10" type="stmt"/>
        <line num="88" count="10" type="stmt"/>
        <line num="89" count="10" type="stmt"/>
        <line num="90" count="10" type="stmt"/>
        <line num="92" count="120" type="cond" truecount="2" falsecount="2"/>
        <line num="93" count="120" type="stmt"/>
        <line num="94" count="10" type="cond" truecount="4" falsecount="0"/>
        <line num="95" count="10" type="cond" truecount="3" falsecount="0"/>
        <line num="96" count="10" type="cond" truecount="1" falsecount="1"/>
        <line num="97" count="10" type="stmt"/>
        <line num="100" count="10" type="stmt"/>
        <line num="103" count="10" type="stmt"/>
        <line num="104" count="5" type="cond" truecount="1" falsecount="1"/>
        <line num="107" count="10" type="stmt"/>
        <line num="108" count="5" type="stmt"/>
        <line num="109" count="5" type="cond" truecount="1" falsecount="1"/>
        <line num="110" count="0" type="stmt"/>
        <line num="111" count="0" type="cond" truecount="0" falsecount="2"/>
        <line num="117" count="10" type="stmt"/>
        <line num="118" count="5" type="cond" truecount="1" falsecount="1"/>
        <line num="119" count="0" type="stmt"/>
        <line num="120" count="0" type="stmt"/>
        <line num="121" count="0" type="stmt"/>
        <line num="122" count="0" type="cond" truecount="0" falsecount="2"/>
        <line num="123" count="0" type="stmt"/>
        <line num="124" count="0" type="cond" truecount="0" falsecount="2"/>
        <line num="125" count="0" type="cond" truecount="0" falsecount="4"/>
        <line num="126" count="0" type="stmt"/>
        <line num="139" count="0" type="cond" truecount="0" falsecount="2"/>
        <line num="140" count="0" type="stmt"/>
        <line num="141" count="0" type="stmt"/>
        <line num="143" count="0" type="stmt"/>
        <line num="148" count="10" type="stmt"/>
        <line num="149" count="5" type="stmt"/>
        <line num="150" count="5" type="stmt"/>
        <line num="151" count="5" type="stmt"/>
        <line num="152" count="5" type="cond" truecount="1" falsecount="1"/>
        <line num="154" count="0" type="cond" truecount="0" falsecount="2"/>
        <line num="155" count="0" type="stmt"/>
        <line num="156" count="0" type="stmt"/>
        <line num="158" count="0" type="stmt"/>
        <line num="162" count="0" type="cond" truecount="0" falsecount="4"/>
        <line num="163" count="0" type="stmt"/>
        <line num="164" count="0" type="cond" truecount="0" falsecount="5"/>
        <line num="165" count="0" type="stmt"/>
        <line num="166" count="0" type="stmt"/>
        <line num="172" count="10" type="stmt"/>
        <line num="173" count="5" type="stmt"/>
        <line num="174" count="0" type="stmt"/>
        <line num="176" count="0" type="cond" truecount="0" falsecount="5"/>
        <line num="177" count="0" type="stmt"/>
        <line num="178" count="0" type="stmt"/>
        <line num="179" count="0" type="cond" truecount="0" falsecount="2"/>
        <line num="182" count="0" type="cond" truecount="0" falsecount="2"/>
        <line num="183" count="0" type="stmt"/>
        <line num="184" count="0" type="stmt"/>
        <line num="185" count="0" type="stmt"/>
        <line num="186" count="0" type="stmt"/>
        <line num="189" count="0" type="cond" truecount="0" falsecount="5"/>
        <line num="190" count="0" type="stmt"/>
        <line num="191" count="0" type="stmt"/>
        <line num="194" count="5" type="stmt"/>
        <line num="195" count="5" type="stmt"/>
        <line num="199" count="10" type="stmt"/>
        <line num="200" count="0" type="stmt"/>
        <line num="201" count="0" type="cond" truecount="0" falsecount="2"/>
        <line num="202" count="0" type="stmt"/>
        <line num="203" count="0" type="stmt"/>
        <line num="204" count="0" type="cond" truecount="0" falsecount="2"/>
        <line num="207" count="10" type="stmt"/>
        <line num="208" count="0" type="stmt"/>
        <line num="209" count="0" type="stmt"/>
        <line num="210" count="0" type="stmt"/>
        <line num="213" count="10" type="cond" truecount="0" falsecount="1"/>
        <line num="214" count="0" type="cond" truecount="0" falsecount="4"/>
        <line num="215" count="0" type="cond" truecount="0" falsecount="4"/>
        <line num="216" count="0" type="stmt"/>
        <line num="228" count="0" type="stmt"/>
        <line num="229" count="0" type="stmt"/>
        <line num="230" count="0" type="stmt"/>
        <line num="231" count="0" type="stmt"/>
        <line num="232" count="0" type="cond" truecount="0" falsecount="2"/>
        <line num="235" count="10" type="stmt"/>
        <line num="236" count="0" type="cond" truecount="0" falsecount="2"/>
        <line num="237" count="0" type="cond" truecount="0" falsecount="2"/>
        <line num="238" count="0" type="stmt"/>
        <line num="239" count="0" type="cond" truecount="0" falsecount="4"/>
        <line num="240" count="0" type="cond" truecount="0" falsecount="2"/>
        <line num="241" count="0" type="cond" truecount="0" falsecount="2"/>
        <line num="242" count="0" type="stmt"/>
        <line num="243" count="0" type="cond" truecount="0" falsecount="2"/>
        <line num="244" count="0" type="cond" truecount="0" falsecount="2"/>
        <line num="245" count="0" type="cond" truecount="0" falsecount="2"/>
        <line num="246" count="0" type="cond" truecount="0" falsecount="2"/>
        <line num="247" count="0" type="stmt"/>
        <line num="251" count="10" type="cond" truecount="0" falsecount="2"/>
        <line num="252" count="10" type="cond" truecount="0" falsecount="2"/>
        <line num="253" count="10" type="cond" truecount="0" falsecount="2"/>
        <line num="254" count="10" type="stmt"/>
        <line num="256" count="10" type="stmt"/>
        <line num="257" count="0" type="cond" truecount="0" falsecount="2"/>
        <line num="258" count="0" type="stmt"/>
        <line num="261" count="10" type="cond" truecount="1" falsecount="1"/>
        <line num="263" count="0" type="cond" truecount="0" falsecount="2"/>
        <line num="264" count="10" type="cond" truecount="1" falsecount="1"/>
        <line num="266" count="10" type="stmt"/>
        <line num="267" count="0" type="cond" truecount="0" falsecount="2"/>
        <line num="268" count="0" type="cond" truecount="0" falsecount="2"/>
        <line num="269" count="0" type="cond" truecount="0" falsecount="2"/>
        <line num="270" count="0" type="cond" truecount="0" falsecount="2"/>
        <line num="273" count="0" type="stmt"/>
        <line num="277" count="10" type="cond" truecount="1" falsecount="1"/>
        <line num="278" count="0" type="cond" truecount="0" falsecount="2"/>
        <line num="279" count="0" type="stmt"/>
        <line num="281" count="10" type="stmt"/>
        <line num="284" count="0" type="stmt"/>
        <line num="286" count="10" type="stmt"/>
        <line num="287" count="0" type="stmt"/>
        <line num="289" count="0" type="cond" truecount="1" falsecount="1"/>
        <line num="293" count="0" type="stmt"/>
        <line num="309" count="0" type="stmt"/>
        <line num="313" count="0" type="stmt"/>
        <line num="324" count="0" type="stmt"/>
        <line num="327" count="0" type="cond" truecount="0" falsecount="2"/>
        <line num="329" count="0" type="cond" truecount="0" falsecount="2"/>
        <line num="338" count="0" type="stmt"/>
        <line num="369" count="0" type="stmt"/>
        <line num="405" count="0" type="stmt"/>
        <line num="415" count="0" type="stmt"/>
        <line num="419" count="0" type="stmt"/>
        <line num="436" count="0" type="cond" truecount="0" falsecount="2"/>
        <line num="437" count="0" type="stmt"/>
        <line num="440" count="0" type="cond" truecount="1" falsecount="1"/>
        <line num="445" count="0" type="stmt"/>
        <line num="446" count="0" type="stmt"/>
      </file>
      <file name="ChatInput.tsx" path="C:\Users\user\OneDrive\Desktop\Virtuel.fr\Nouveau dossier\extracted\virtuel-st\src\components\chat\ChatInput.tsx">
        <metrics statements="93" coveredstatements="50" conditionals="82" coveredconditionals="39" methods="24" coveredmethods="6"/>
        <line num="26" count="16" type="stmt"/>
        <line num="27" count="16" type="stmt"/>
        <line num="28" count="16" type="stmt"/>
        <line num="29" count="16" type="stmt"/>
        <line num="30" count="16" type="stmt"/>
        <line num="31" count="16" type="stmt"/>
        <line num="32" count="16" type="stmt"/>
        <line num="33" count="16" type="stmt"/>
        <line num="34" count="16" type="stmt"/>
        <line num="35" count="16" type="stmt"/>
        <line num="36" count="16" type="stmt"/>
        <line num="37" count="16" type="stmt"/>
        <line num="40" count="16" type="stmt"/>
        <line num="41" count="0" type="stmt"/>
        <line num="46" count="16" type="stmt"/>
        <line num="47" count="4" type="stmt"/>
        <line num="48" count="4" type="stmt"/>
        <line num="49" count="4" type="cond" truecount="1" falsecount="1"/>
        <line num="50" count="0" type="stmt"/>
        <line num="51" count="0" type="cond" truecount="0" falsecount="2"/>
        <line num="52" count="0" type="stmt"/>
        <line num="53" count="0" type="stmt"/>
        <line num="54" count="0" type="stmt"/>
        <line num="56" count="4" type="stmt"/>
        <line num="57" count="4" type="stmt"/>
        <line num="61" count="16" type="stmt"/>
        <line num="62" count="0" type="stmt"/>
        <line num="63" count="0" type="stmt"/>
        <line num="64" count="0" type="stmt"/>
        <line num="65" count="0" type="stmt"/>
        <line num="66" count="0" type="stmt"/>
        <line num="67" count="0" type="stmt"/>
        <line num="68" count="0" type="stmt"/>
        <line num="69" count="0" type="stmt"/>
        <line num="72" count="16" type="stmt"/>
        <line num="73" count="4" type="stmt"/>
        <line num="74" count="4" type="cond" truecount="1" falsecount="1"/>
        <line num="75" count="4" type="stmt"/>
        <line num="76" count="4" type="stmt"/>
        <line num="77" count="4" type="stmt"/>
        <line num="78" count="4" type="stmt"/>
        <line num="79" count="4" type="stmt"/>
        <line num="80" count="4" type="stmt"/>
        <line num="83" count="16" type="stmt"/>
        <line num="84" count="2" type="cond" truecount="1" falsecount="1"/>
        <line num="85" count="0" type="cond" truecount="0" falsecount="2"/>
        <line num="86" count="0" type="cond" truecount="0" falsecount="2"/>
        <line num="87" count="0" type="cond" truecount="0" falsecount="5"/>
        <line num="88" count="0" type="stmt"/>
        <line num="90" count="0" type="cond" truecount="0" falsecount="2"/>
        <line num="92" count="2" type="cond" truecount="4" falsecount="0"/>
        <line num="95" count="16" type="stmt"/>
        <line num="97" count="2" type="stmt"/>
        <line num="100" count="2" type="stmt"/>
        <line num="106" count="2" type="stmt"/>
        <line num="107" count="2" type="cond" truecount="1" falsecount="1"/>
        <line num="108" count="0" type="stmt"/>
        <line num="109" count="0" type="stmt"/>
        <line num="112" count="2" type="cond" truecount="3" falsecount="2"/>
        <line num="113" count="2" type="cond" truecount="2" falsecount="0"/>
        <line num="114" count="2" type="stmt"/>
        <line num="115" count="2" type="stmt"/>
        <line num="116" count="2" type="stmt"/>
        <line num="117" count="2" type="stmt"/>
        <line num="118" count="2" type="cond" truecount="1" falsecount="1"/>
        <line num="119" count="2" type="cond" truecount="1" falsecount="1"/>
        <line num="122" count="16" type="stmt"/>
        <line num="123" count="0" type="stmt"/>
        <line num="124" count="0" type="cond" truecount="0" falsecount="2"/>
        <line num="126" count="0" type="cond" truecount="0" falsecount="2"/>
        <line num="127" count="0" type="stmt"/>
        <line num="128" count="0" type="stmt"/>
        <line num="131" count="0" type="stmt"/>
        <line num="132" count="0" type="stmt"/>
        <line num="133" count="0" type="stmt"/>
        <line num="134" count="0" type="stmt"/>
        <line num="136" count="0" type="stmt"/>
        <line num="139" count="16" type="stmt"/>
        <line num="140" count="0" type="stmt"/>
        <line num="141" count="0" type="stmt"/>
        <line num="142" count="0" type="cond" truecount="0" falsecount="2"/>
        <line num="143" count="0" type="stmt"/>
        <line num="148" count="16" type="stmt"/>
        <line num="149" count="10" type="cond" truecount="2" falsecount="0"/>
        <line num="152" count="16" type="stmt"/>
        <line num="164" count="0" type="stmt"/>
        <line num="167" count="0" type="stmt"/>
        <line num="223" count="0" type="stmt"/>
        <line num="234" count="0" type="stmt"/>
        <line num="235" count="0" type="stmt"/>
        <line num="244" count="0" type="cond" truecount="0" falsecount="2"/>
        <line num="260" count="0" type="cond" truecount="0" falsecount="2"/>
        <line num="274" count="0" type="cond" truecount="0" falsecount="2"/>
      </file>
      <file name="DiamondBadge.tsx" path="C:\Users\user\OneDrive\Desktop\Virtuel.fr\Nouveau dossier\extracted\virtuel-st\src\components\chat\DiamondBadge.tsx">
        <metrics statements="17" coveredstatements="16" conditionals="44" coveredconditionals="24" methods="4" coveredmethods="2"/>
        <line num="15" count="125" type="stmt"/>
        <line num="16" count="125" type="stmt"/>
        <line num="79" count="5" type="cond" truecount="2" falsecount="0"/>
        <line num="80" count="125" type="cond" truecount="1" falsecount="1"/>
        <line num="83" count="125" type="cond" truecount="2" falsecount="2"/>
        <line num="84" count="0" type="stmt"/>
        <line num="88" count="125" type="cond" truecount="1" falsecount="1"/>
        <line num="91" count="125" type="cond" truecount="3" falsecount="1"/>
        <line num="94" count="125" type="stmt"/>
        <line num="97" count="125" type="cond" truecount="1" falsecount="1"/>
        <line num="98" count="125" type="cond" truecount="1" falsecount="7"/>
        <line num="99" count="125" type="stmt"/>
        <line num="100" count="125" type="cond" truecount="2" falsecount="0"/>
        <line num="103" count="125" type="cond" truecount="2" falsecount="2"/>
        <line num="106" count="125" type="cond" truecount="1" falsecount="1"/>
        <line num="107" count="125" type="cond" truecount="1" falsecount="1"/>
        <line num="109" count="125" type="stmt"/>
      </file>
      <file name="EmojiPicker.tsx" path="C:\Users\user\OneDrive\Desktop\Virtuel.fr\Nouveau dossier\extracted\virtuel-st\src\components\chat\EmojiPicker.tsx">
        <metrics statements="9" coveredstatements="8" conditionals="4" coveredconditionals="0" methods="7" coveredmethods="6"/>
        <line num="10" count="4" type="stmt"/>
        <line num="12" count="4" type="stmt"/>
        <line num="13" count="4" type="stmt"/>
        <line num="14" count="0" type="cond" truecount="0" falsecount="4"/>
        <line num="16" count="4" type="stmt"/>
        <line num="17" count="4" type="stmt"/>
        <line num="20" count="4" type="stmt"/>
        <line num="21" count="1" type="stmt"/>
        <line num="24" count="120" type="stmt"/>
      </file>
      <file name="LevelUpToast.tsx" path="C:\Users\user\OneDrive\Desktop\Virtuel.fr\Nouveau dossier\extracted\virtuel-st\src\components\chat\LevelUpToast.tsx">
        <metrics statements="15" coveredstatements="0" conditionals="8" coveredconditionals="0" methods="6" coveredmethods="0"/>
        <line num="15" count="0" type="stmt"/>
        <line num="16" count="0" type="stmt"/>
        <line num="17" count="0" type="stmt"/>
        <line num="18" count="0" type="stmt"/>
        <line num="19" count="0" type="stmt"/>
        <line num="20" count="0" type="stmt"/>
        <line num="23" count="0" type="stmt"/>
        <line num="25" count="0" type="stmt"/>
        <line num="26" count="0" type="stmt"/>
        <line num="27" count="0" type="stmt"/>
        <line num="28" count="0" type="stmt"/>
        <line num="30" count="0" type="stmt"/>
        <line num="31" count="0" type="cond" truecount="0" falsecount="2"/>
        <line num="32" count="0" type="cond" truecount="0" falsecount="2"/>
        <line num="36" count="0" type="stmt"/>
      </file>
      <file name="MessageBubble.tsx" path="C:\Users\user\OneDrive\Desktop\Virtuel.fr\Nouveau dossier\extracted\virtuel-st\src\components\chat\MessageBubble.tsx">
        <metrics statements="39" coveredstatements="19" conditionals="112" coveredconditionals="30" methods="17" coveredmethods="1"/>
        <line num="33" count="2" type="stmt"/>
        <line num="34" count="6" type="stmt"/>
        <line num="35" count="6" type="stmt"/>
        <line num="36" count="6" type="stmt"/>
        <line num="37" count="6" type="stmt"/>
        <line num="38" count="6" type="stmt"/>
        <line num="39" count="6" type="stmt"/>
        <line num="40" count="6" type="stmt"/>
        <line num="41" count="6" type="stmt"/>
        <line num="42" count="6" type="stmt"/>
        <line num="44" count="6" type="cond" truecount="4" falsecount="0"/>
        <line num="45" count="4" type="stmt"/>
        <line num="56" count="2" type="cond" truecount="1" falsecount="1"/>
        <line num="57" count="6" type="stmt"/>
        <line num="58" count="6" type="cond" truecount="1" falsecount="1"/>
        <line num="61" count="6" type="stmt"/>
        <line num="62" count="0" type="stmt"/>
        <line num="63" count="0" type="cond" truecount="0" falsecount="2"/>
        <line num="64" count="0" type="stmt"/>
        <line num="68" count="6" type="cond" truecount="0" falsecount="2"/>
        <line num="69" count="6" type="stmt"/>
        <line num="70" count="0" type="cond" truecount="0" falsecount="2"/>
        <line num="71" count="0" type="stmt"/>
        <line num="72" count="0" type="stmt"/>
        <line num="75" count="6" type="stmt"/>
        <line num="78" count="0" type="stmt"/>
        <line num="79" count="0" type="stmt"/>
        <line num="86" count="0" type="stmt"/>
        <line num="97" count="0" type="stmt"/>
        <line num="139" count="0" type="stmt"/>
        <line num="149" count="0" type="stmt"/>
        <line num="159" count="0" type="stmt"/>
        <line num="170" count="0" type="stmt"/>
        <line num="208" count="0" type="cond" truecount="0" falsecount="2"/>
        <line num="209" count="0" type="cond" truecount="0" falsecount="2"/>
        <line num="210" count="0" type="stmt"/>
        <line num="213" count="0" type="stmt"/>
        <line num="231" count="0" type="stmt"/>
        <line num="248" count="0" type="stmt"/>
      </file>
      <file name="ReactionPicker.tsx" path="C:\Users\user\OneDrive\Desktop\Virtuel.fr\Nouveau dossier\extracted\virtuel-st\src\components\chat\ReactionPicker.tsx">
        <metrics statements="20" coveredstatements="20" conditionals="18" coveredconditionals="7" methods="9" coveredmethods="7"/>
        <line num="16" count="5" type="stmt"/>
        <line num="18" count="5" type="stmt"/>
        <line num="19" count="5" type="cond" truecount="1" falsecount="1"/>
        <line num="20" count="5" type="cond" truecount="0" falsecount="4"/>
        <line num="21" count="5" type="stmt"/>
        <line num="22" count="5" type="stmt"/>
        <line num="25" count="5" type="cond" truecount="1" falsecount="1"/>
        <line num="28" count="5" type="stmt"/>
        <line num="29" count="5" type="stmt"/>
        <line num="30" count="5" type="cond" truecount="1" falsecount="1"/>
        <line num="31" count="5" type="cond" truecount="1" falsecount="1"/>
        <line num="32" count="5" type="stmt"/>
        <line num="33" count="5" type="stmt"/>
        <line num="34" count="5" type="cond" truecount="1" falsecount="1"/>
        <line num="35" count="5" type="cond" truecount="1" falsecount="1"/>
        <line num="36" count="5" type="cond" truecount="1" falsecount="1"/>
        <line num="38" count="5" type="stmt"/>
        <line num="43" count="2" type="stmt"/>
        <line num="48" count="30" type="stmt"/>
        <line num="59" count="150" type="stmt"/>
      </file>
      <file name="SafeMessageContent.tsx" path="C:\Users\user\OneDrive\Desktop\Virtuel.fr\Nouveau dossier\extracted\virtuel-st\src\components\chat\SafeMessageContent.tsx">
        <metrics statements="13" coveredstatements="12" conditionals="16" coveredconditionals="14" methods="4" coveredmethods="3"/>
        <line num="13" count="9" type="stmt"/>
        <line num="14" count="9" type="stmt"/>
        <line num="15" count="11" type="cond" truecount="2" falsecount="0"/>
        <line num="16" count="1" type="stmt"/>
        <line num="17" count="1" type="stmt"/>
        <line num="18" count="1" type="stmt"/>
        <line num="29" count="10" type="stmt"/>
        <line num="33" count="3" type="cond" truecount="2" falsecount="0"/>
        <line num="34" count="13" type="cond" truecount="1" falsecount="1"/>
        <line num="35" count="13" type="cond" truecount="2" falsecount="0"/>
        <line num="37" count="13" type="cond" truecount="2" falsecount="0"/>
        <line num="39" count="10" type="stmt"/>
        <line num="48" count="0" type="stmt"/>
      </file>
      <file name="ScenePanel.tsx" path="C:\Users\user\OneDrive\Desktop\Virtuel.fr\Nouveau dossier\extracted\virtuel-st\src\components\chat\ScenePanel.tsx">
        <metrics statements="12" coveredstatements="0" conditionals="18" coveredconditionals="0" methods="7" coveredmethods="0"/>
        <line num="23" count="0" type="stmt"/>
        <line num="25" count="0" type="stmt"/>
        <line num="26" count="0" type="cond" truecount="0" falsecount="2"/>
        <line num="27" count="0" type="stmt"/>
        <line num="28" count="0" type="stmt"/>
        <line num="36" count="0" type="stmt"/>
        <line num="39" count="0" type="stmt"/>
        <line num="42" count="0" type="stmt"/>
        <line num="52" count="0" type="cond" truecount="0" falsecount="2"/>
        <line num="56" count="0" type="cond" truecount="0" falsecount="2"/>
        <line num="58" count="0" type="stmt"/>
        <line num="65" count="0" type="stmt"/>
      </file>
      <file name="Sidebar.tsx" path="C:\Users\user\OneDrive\Desktop\Virtuel.fr\Nouveau dossier\extracted\virtuel-st\src\components\chat\Sidebar.tsx">
        <metrics statements="9" coveredstatements="7" conditionals="20" coveredconditionals="11" methods="4" coveredmethods="2"/>
        <line num="21" count="12" type="stmt"/>
        <line num="22" count="12" type="stmt"/>
        <line num="23" count="12" type="stmt"/>
        <line num="24" count="12" type="stmt"/>
        <line num="25" count="12" type="stmt"/>
        <line num="27" count="12" type="stmt"/>
        <line num="35" count="0" type="stmt"/>
        <line num="53" count="0" type="stmt"/>
        <line num="71" count="48" type="stmt"/>
      </file>
      <file name="UserProfileView.tsx" path="C:\Users\user\OneDrive\Desktop\Virtuel.fr\Nouveau dossier\extracted\virtuel-st\src\components\chat\UserProfileView.tsx">
        <metrics statements="15" coveredstatements="0" conditionals="22" coveredconditionals="0" methods="7" coveredmethods="0"/>
        <line num="18" count="0" type="stmt"/>
        <line num="19" count="0" type="cond" truecount="0" falsecount="2"/>
        <line num="21" count="0" type="cond" truecount="0" falsecount="2"/>
        <line num="22" count="0" type="stmt"/>
        <line num="23" count="0" type="stmt"/>
        <line num="24" count="0" type="stmt"/>
        <line num="25" count="0" type="cond" truecount="0" falsecount="2"/>
        <line num="26" count="0" type="stmt"/>
        <line num="28" count="0" type="stmt"/>
        <line num="29" count="0" type="stmt"/>
        <line num="31" count="0" type="stmt"/>
        <line num="34" count="0" type="stmt"/>
        <line num="77" count="0" type="stmt"/>
        <line num="78" count="0" type="cond" truecount="0" falsecount="2"/>
        <line num="121" count="0" type="stmt"/>
      </file>
      <file name="WelcomeScreen.tsx" path="C:\Users\user\OneDrive\Desktop\Virtuel.fr\Nouveau dossier\extracted\virtuel-st\src\components\chat\WelcomeScreen.tsx">
        <metrics statements="70" coveredstatements="34" conditionals="116" coveredconditionals="41" methods="35" coveredmethods="9"/>
        <line num="22" count="1" type="stmt"/>
        <line num="29" count="1" type="stmt"/>
        <line num="40" count="48" type="stmt"/>
        <line num="49" count="4" type="stmt"/>
        <line num="50" count="4" type="stmt"/>
        <line num="51" count="4" type="stmt"/>
        <line num="52" count="4" type="stmt"/>
        <line num="53" count="4" type="stmt"/>
        <line num="54" count="4" type="stmt"/>
        <line num="55" count="4" type="stmt"/>
        <line num="56" count="4" type="stmt"/>
        <line num="57" count="4" type="stmt"/>
        <line num="58" count="4" type="stmt"/>
        <line num="59" count="4" type="stmt"/>
        <line num="61" count="48" type="cond" truecount="2" falsecount="2"/>
        <line num="64" count="4" type="cond" truecount="2" falsecount="0"/>
        <line num="65" count="4" type="cond" truecount="2" falsecount="0"/>
        <line num="66" count="4" type="cond" truecount="1" falsecount="1"/>
        <line num="67" count="4" type="cond" truecount="2" falsecount="2"/>
        <line num="70" count="4" type="cond" truecount="1" falsecount="1"/>
        <line num="71" count="0" type="cond" truecount="0" falsecount="2"/>
        <line num="72" count="0" type="stmt"/>
        <line num="76" count="4" type="stmt"/>
        <line num="77" count="0" type="cond" truecount="0" falsecount="10"/>
        <line num="81" count="4" type="stmt"/>
        <line num="82" count="4" type="cond" truecount="1" falsecount="1"/>
        <line num="83" count="0" type="stmt"/>
        <line num="84" count="24" type="stmt"/>
        <line num="86" count="4" type="stmt"/>
        <line num="87" count="48" type="cond" truecount="1" falsecount="7"/>
        <line num="93" count="4" type="stmt"/>
        <line num="94" count="0" type="stmt"/>
        <line num="95" count="0" type="stmt"/>
        <line num="96" count="0" type="stmt"/>
        <line num="97" count="0" type="stmt"/>
        <line num="98" count="0" type="stmt"/>
        <line num="99" count="0" type="stmt"/>
        <line num="103" count="4" type="stmt"/>
        <line num="104" count="0" type="cond" truecount="0" falsecount="2"/>
        <line num="105" count="0" type="stmt"/>
        <line num="106" count="0" type="stmt"/>
        <line num="108" count="0" type="stmt"/>
        <line num="112" count="4" type="stmt"/>
        <line num="113" count="0" type="stmt"/>
        <line num="114" count="0" type="stmt"/>
        <line num="115" count="0" type="cond" truecount="0" falsecount="4"/>
        <line num="116" count="0" type="stmt"/>
        <line num="117" count="0" type="stmt"/>
        <line num="118" count="0" type="stmt"/>
        <line num="120" count="0" type="stmt"/>
        <line num="124" count="4" type="stmt"/>
        <line num="141" count="16" type="stmt"/>
        <line num="150" count="48" type="stmt"/>
        <line num="220" count="0" type="stmt"/>
        <line num="221" count="0" type="stmt"/>
        <line num="243" count="0" type="stmt"/>
        <line num="244" count="0" type="stmt"/>
        <line num="294" count="24" type="stmt"/>
        <line num="296" count="0" type="stmt"/>
        <line num="297" count="0" type="stmt"/>
        <line num="299" count="0" type="stmt"/>
        <line num="307" count="0" type="stmt"/>
        <line num="312" count="116" type="stmt"/>
        <line num="321" count="0" type="stmt"/>
        <line num="326" count="0" type="stmt"/>
        <line num="341" count="0" type="stmt"/>
        <line num="342" count="0" type="stmt"/>
        <line num="348" count="0" type="stmt"/>
        <line num="350" count="0" type="stmt"/>
        <line num="356" count="0" type="stmt"/>
      </file>
    </package>
    <package name="components.chat.admin">
      <metrics statements="141" coveredstatements="79" conditionals="144" coveredconditionals="38" methods="103" coveredmethods="25"/>
      <file name="AdminComponents.tsx" path="C:\Users\user\OneDrive\Desktop\Virtuel.fr\Nouveau dossier\extracted\virtuel-st\src\components\chat\admin\AdminComponents.tsx">
        <metrics statements="3" coveredstatements="3" conditionals="0" coveredconditionals="0" methods="2" coveredmethods="2"/>
        <line num="10" count="64" type="stmt"/>
        <line num="20" count="180" type="stmt"/>
        <line num="25" count="180" type="stmt"/>
      </file>
      <file name="BadgesSection.tsx" path="C:\Users\user\OneDrive\Desktop\Virtuel.fr\Nouveau dossier\extracted\virtuel-st\src\components\chat\admin\BadgesSection.tsx">
        <metrics statements="29" coveredstatements="15" conditionals="18" coveredconditionals="8" methods="24" coveredmethods="5"/>
        <line num="9" count="8" type="stmt"/>
        <line num="10" count="8" type="cond" truecount="1" falsecount="1"/>
        <line num="11" count="8" type="stmt"/>
        <line num="12" count="8" type="stmt"/>
        <line num="14" count="8" type="stmt"/>
        <line num="15" count="2" type="stmt"/>
        <line num="16" count="2" type="stmt"/>
        <line num="19" count="8" type="stmt"/>
        <line num="20" count="0" type="stmt"/>
        <line num="21" count="0" type="stmt"/>
        <line num="22" count="0" type="cond" truecount="0" falsecount="4"/>
        <line num="23" count="0" type="stmt"/>
        <line num="25" count="0" type="stmt"/>
        <line num="28" count="8" type="stmt"/>
        <line num="29" count="0" type="stmt"/>
        <line num="30" count="0" type="stmt"/>
        <line num="33" count="8" type="stmt"/>
        <line num="41" count="72" type="stmt"/>
        <line num="51" count="72" type="stmt"/>
        <line num="52" count="72" type="cond" truecount="1" falsecount="1"/>
        <line num="53" count="72" type="stmt"/>
        <line num="64" count="0" type="stmt"/>
        <line num="68" count="0" type="stmt"/>
        <line num="70" count="0" type="stmt"/>
        <line num="76" count="0" type="cond" truecount="0" falsecount="2"/>
        <line num="93" count="0" type="stmt"/>
        <line num="98" count="0" type="stmt"/>
        <line num="103" count="0" type="stmt"/>
        <line num="109" count="2" type="stmt"/>
      </file>
      <file name="DashboardSection.tsx" path="C:\Users\user\OneDrive\Desktop\Virtuel.fr\Nouveau dossier\extracted\virtuel-st\src\components\chat\admin\DashboardSection.tsx">
        <metrics statements="13" coveredstatements="9" conditionals="18" coveredconditionals="5" methods="7" coveredmethods="1"/>
        <line num="10" count="10" type="stmt"/>
        <line num="11" count="10" type="stmt"/>
        <line num="12" count="10" type="stmt"/>
        <line num="13" count="10" type="stmt"/>
        <line num="14" count="10" type="stmt"/>
        <line num="15" count="10" type="cond" truecount="0" falsecount="4"/>
        <line num="16" count="10" type="cond" truecount="2" falsecount="0"/>
        <line num="17" count="10" type="cond" truecount="1" falsecount="1"/>
        <line num="19" count="10" type="stmt"/>
        <line num="24" count="0" type="cond" truecount="0" falsecount="2"/>
        <line num="27" count="0" type="stmt"/>
        <line num="28" count="0" type="stmt"/>
        <line num="34" count="0" type="stmt"/>
      </file>
      <file name="ModerationSection.tsx" path="C:\Users\user\OneDrive\Desktop\Virtuel.fr\Nouveau dossier\extracted\virtuel-st\src\components\chat\admin\ModerationSection.tsx">
        <metrics statements="9" coveredstatements="5" conditionals="6" coveredconditionals="2" methods="7" coveredmethods="1"/>
        <line num="8" count="6" type="stmt"/>
        <line num="9" count="6" type="stmt"/>
        <line num="10" count="6" type="stmt"/>
        <line num="11" count="6" type="stmt"/>
        <line num="12" count="6" type="stmt"/>
        <line num="19" count="0" type="stmt"/>
        <line num="22" count="0" type="stmt"/>
        <line num="31" count="0" type="stmt"/>
        <line num="34" count="0" type="stmt"/>
      </file>
      <file name="SalonsSection.tsx" path="C:\Users\user\OneDrive\Desktop\Virtuel.fr\Nouveau dossier\extracted\virtuel-st\src\components\chat\admin\SalonsSection.tsx">
        <metrics statements="28" coveredstatements="13" conditionals="30" coveredconditionals="10" methods="24" coveredmethods="6"/>
        <line num="8" count="11" type="stmt"/>
        <line num="9" count="11" type="stmt"/>
        <line num="10" count="11" type="stmt"/>
        <line num="12" count="11" type="stmt"/>
        <line num="13" count="1" type="cond" truecount="1" falsecount="1"/>
        <line num="14" count="0" type="cond" truecount="0" falsecount="4"/>
        <line num="15" count="0" type="stmt"/>
        <line num="16" count="0" type="stmt"/>
        <line num="25" count="1" type="stmt"/>
        <line num="26" count="1" type="stmt"/>
        <line num="29" count="11" type="stmt"/>
        <line num="30" count="0" type="stmt"/>
        <line num="33" count="11" type="stmt"/>
        <line num="35" count="11" type="stmt"/>
        <line num="45" count="0" type="stmt"/>
        <line num="48" count="0" type="stmt"/>
        <line num="50" count="44" type="cond" truecount="1" falsecount="1"/>
        <line num="52" count="0" type="stmt"/>
        <line num="54" count="220" type="cond" truecount="1" falsecount="1"/>
        <line num="56" count="0" type="stmt"/>
        <line num="67" count="1" type="stmt"/>
        <line num="78" count="0" type="stmt"/>
        <line num="97" count="0" type="stmt"/>
        <line num="101" count="0" type="stmt"/>
        <line num="114" count="0" type="stmt"/>
        <line num="115" count="0" type="cond" truecount="0" falsecount="2"/>
        <line num="116" count="0" type="stmt"/>
        <line num="120" count="0" type="stmt"/>
      </file>
      <file name="SpecialBadgesSection.tsx" path="C:\Users\user\OneDrive\Desktop\Virtuel.fr\Nouveau dossier\extracted\virtuel-st\src\components\chat\admin\SpecialBadgesSection.tsx">
        <metrics statements="21" coveredstatements="8" conditionals="24" coveredconditionals="2" methods="12" coveredmethods="3"/>
        <line num="9" count="9" type="stmt"/>
        <line num="10" count="9" type="stmt"/>
        <line num="11" count="9" type="stmt"/>
        <line num="12" count="9" type="cond" truecount="0" falsecount="2"/>
        <line num="14" count="9" type="stmt"/>
        <line num="15" count="0" type="stmt"/>
        <line num="16" count="0" type="stmt"/>
        <line num="17" count="0" type="cond" truecount="0" falsecount="2"/>
        <line num="18" count="0" type="cond" truecount="0" falsecount="2"/>
        <line num="19" count="0" type="cond" truecount="0" falsecount="2"/>
        <line num="20" count="0" type="stmt"/>
        <line num="22" count="0" type="stmt"/>
        <line num="26" count="9" type="stmt"/>
        <line num="34" count="27" type="stmt"/>
        <line num="45" count="2" type="stmt"/>
        <line num="53" count="0" type="stmt"/>
        <line num="60" count="0" type="stmt"/>
        <line num="61" count="0" type="cond" truecount="0" falsecount="2"/>
        <line num="71" count="0" type="cond" truecount="0" falsecount="2"/>
        <line num="72" count="0" type="stmt"/>
        <line num="75" count="0" type="stmt"/>
      </file>
      <file name="StatsSection.tsx" path="C:\Users\user\OneDrive\Desktop\Virtuel.fr\Nouveau dossier\extracted\virtuel-st\src\components\chat\admin\StatsSection.tsx">
        <metrics statements="21" coveredstatements="18" conditionals="18" coveredconditionals="9" methods="13" coveredmethods="5"/>
        <line num="8" count="12" type="stmt"/>
        <line num="9" count="12" type="stmt"/>
        <line num="10" count="12" type="stmt"/>
        <line num="11" count="12" type="stmt"/>
        <line num="12" count="12" type="stmt"/>
        <line num="13" count="12" type="cond" truecount="2" falsecount="0"/>
        <line num="14" count="12" type="cond" truecount="1" falsecount="1"/>
        <line num="17" count="144" type="stmt"/>
        <line num="20" count="132" type="stmt"/>
        <line num="23" count="12" type="cond" truecount="1" falsecount="1"/>
        <line num="24" count="0" type="stmt"/>
        <line num="25" count="0" type="stmt"/>
        <line num="28" count="144" type="stmt"/>
        <line num="29" count="12" type="cond" truecount="1" falsecount="3"/>
        <line num="30" count="12" type="stmt"/>
        <line num="31" count="12" type="cond" truecount="0" falsecount="2"/>
        <line num="32" count="12" type="stmt"/>
        <line num="33" count="12" type="cond" truecount="0" falsecount="2"/>
        <line num="35" count="12" type="stmt"/>
        <line num="58" count="144" type="stmt"/>
        <line num="70" count="0" type="stmt"/>
      </file>
      <file name="UsersSection.tsx" path="C:\Users\user\OneDrive\Desktop\Virtuel.fr\Nouveau dossier\extracted\virtuel-st\src\components\chat\admin\UsersSection.tsx">
        <metrics statements="17" coveredstatements="8" conditionals="30" coveredconditionals="2" methods="14" coveredmethods="2"/>
        <line num="7" count="2" type="stmt"/>
        <line num="15" count="8" type="stmt"/>
        <line num="16" count="8" type="stmt"/>
        <line num="17" count="8" type="stmt"/>
        <line num="18" count="8" type="stmt"/>
        <line num="19" count="8" type="cond" truecount="0" falsecount="2"/>
        <line num="21" count="8" type="stmt"/>
        <line num="25" count="0" type="stmt"/>
        <line num="26" count="0" type="stmt"/>
        <line num="31" count="2" type="stmt"/>
        <line num="37" count="0" type="cond" truecount="0" falsecount="4"/>
        <line num="50" count="0" type="cond" truecount="0" falsecount="2"/>
        <line num="51" count="0" type="stmt"/>
        <line num="54" count="0" type="stmt"/>
        <line num="55" count="0" type="stmt"/>
        <line num="57" count="0" type="cond" truecount="0" falsecount="2"/>
        <line num="66" count="0" type="stmt"/>
      </file>
    </package>
    <package name="hooks">
      <metrics statements="9" coveredstatements="9" conditionals="0" coveredconditionals="0" methods="4" coveredmethods="3"/>
      <file name="use-mobile.ts" path="C:\Users\user\OneDrive\Desktop\Virtuel.fr\Nouveau dossier\extracted\virtuel-st\src\hooks\use-mobile.ts">
        <metrics statements="9" coveredstatements="9" conditionals="0" coveredconditionals="0" methods="4" coveredmethods="3"/>
        <line num="3" count="1" type="stmt"/>
        <line num="6" count="8" type="stmt"/>
        <line num="7" count="8" type="stmt"/>
        <line num="8" count="4" type="stmt"/>
        <line num="9" count="4" type="stmt"/>
        <line num="10" count="4" type="stmt"/>
        <line num="11" count="4" type="stmt"/>
        <line num="12" count="4" type="stmt"/>
        <line num="14" count="8" type="stmt"/>
      </file>
    </package>
    <package name="lib">
      <metrics statements="65" coveredstatements="41" conditionals="44" coveredconditionals="21" methods="26" coveredmethods="10"/>
      <file name="chatConfig.ts" path="C:\Users\user\OneDrive\Desktop\Virtuel.fr\Nouveau dossier\extracted\virtuel-st\src\lib\chatConfig.ts">
        <metrics statements="7" coveredstatements="7" conditionals="0" coveredconditionals="0" methods="0" coveredmethods="0"/>
        <line num="14" count="15" type="stmt"/>
        <line num="37" count="15" type="stmt"/>
        <line num="58" count="15" type="stmt"/>
        <line num="59" count="15" type="stmt"/>
        <line num="60" count="15" type="stmt"/>
        <line num="61" count="15" type="stmt"/>
        <line num="69" count="15" type="stmt"/>
      </file>
      <file name="diamondBadges.ts" path="C:\Users\user\OneDrive\Desktop\Virtuel.fr\Nouveau dossier\extracted\virtuel-st\src\lib\diamondBadges.ts">
        <metrics statements="36" coveredstatements="22" conditionals="28" coveredconditionals="15" methods="17" coveredmethods="6"/>
        <line num="30" count="6" type="stmt"/>
        <line num="43" count="6" type="stmt"/>
        <line num="50" count="6" type="stmt"/>
        <line num="58" count="6" type="stmt"/>
        <line num="67" count="125" type="cond" truecount="5" falsecount="0"/>
        <line num="71" count="6" type="stmt"/>
        <line num="75" count="133" type="stmt"/>
        <line num="76" count="133" type="cond" truecount="2" falsecount="0"/>
        <line num="78" count="3" type="stmt"/>
        <line num="79" count="27" type="stmt"/>
        <line num="80" count="27" type="cond" truecount="1" falsecount="1"/>
        <line num="81" count="24" type="stmt"/>
        <line num="83" count="3" type="stmt"/>
        <line num="84" count="3" type="stmt"/>
        <line num="88" count="125" type="stmt"/>
        <line num="89" count="125" type="cond" truecount="1" falsecount="1"/>
        <line num="90" count="125" type="stmt"/>
        <line num="91" count="1125" type="cond" truecount="2" falsecount="0"/>
        <line num="92" count="125" type="stmt"/>
        <line num="96" count="0" type="cond" truecount="0" falsecount="2"/>
        <line num="105" count="0" type="stmt"/>
        <line num="106" count="0" type="stmt"/>
        <line num="107" count="0" type="stmt"/>
        <line num="109" count="0" type="cond" truecount="0" falsecount="2"/>
        <line num="111" count="0" type="stmt"/>
        <line num="112" count="0" type="stmt"/>
        <line num="114" count="0" type="stmt"/>
        <line num="119" count="125" type="stmt"/>
        <line num="120" count="125" type="cond" truecount="1" falsecount="1"/>
        <line num="125" count="0" type="stmt"/>
        <line num="130" count="0" type="stmt"/>
        <line num="139" count="0" type="stmt"/>
        <line num="140" count="0" type="stmt"/>
        <line num="142" count="0" type="stmt"/>
        <line num="143" count="0" type="cond" truecount="0" falsecount="2"/>
        <line num="148" count="6" type="stmt"/>
      </file>
      <file name="sanitizer.ts" path="C:\Users\user\OneDrive\Desktop\Virtuel.fr\Nouveau dossier\extracted\virtuel-st\src\lib\sanitizer.ts">
        <metrics statements="13" coveredstatements="6" conditionals="16" coveredconditionals="6" methods="4" coveredmethods="2"/>
        <line num="6" count="0" type="cond" truecount="0" falsecount="4"/>
        <line num="9" count="0" type="stmt"/>
        <line num="10" count="0" type="stmt"/>
        <line num="11" count="0" type="stmt"/>
        <line num="19" count="0" type="cond" truecount="0" falsecount="4"/>
        <line num="22" count="0" type="stmt"/>
        <line num="35" count="1" type="cond" truecount="3" falsecount="1"/>
        <line num="37" count="1" type="stmt"/>
        <line num="38" count="1" type="stmt"/>
        <line num="40" count="1" type="stmt"/>
        <line num="42" count="0" type="stmt"/>
        <line num="50" count="1" type="cond" truecount="3" falsecount="1"/>
        <line num="51" count="1" type="stmt"/>
      </file>
      <file name="validation.ts" path="C:\Users\user\OneDrive\Desktop\Virtuel.fr\Nouveau dossier\extracted\virtuel-st\src\lib\validation.ts">
        <metrics statements="9" coveredstatements="6" conditionals="0" coveredconditionals="0" methods="5" coveredmethods="2"/>
        <line num="4" count="2" type="stmt"/>
        <line num="9" count="2" type="stmt"/>
        <line num="19" count="2" type="stmt"/>
        <line num="39" count="2" type="stmt"/>
        <line num="54" count="2" type="stmt"/>
        <line num="77" count="2" type="stmt"/>
        <line num="81" count="0" type="stmt"/>
        <line num="85" count="0" type="stmt"/>
        <line num="89" count="0" type="stmt"/>
      </file>
    </package>
    <package name="lib.contexts">
      <metrics statements="478" coveredstatements="290" conditionals="182" coveredconditionals="54" methods="167" coveredmethods="62"/>
      <file name="BadgesContext.tsx" path="C:\Users\user\OneDrive\Desktop\Virtuel.fr\Nouveau dossier\extracted\virtuel-st\src\lib\contexts\BadgesContext.tsx">
        <metrics statements="20" coveredstatements="18" conditionals="8" coveredconditionals="4" methods="6" coveredmethods="5"/>
        <line num="16" count="18" type="stmt"/>
        <line num="18" count="18" type="stmt"/>
        <line num="21" count="104" type="stmt"/>
        <line num="22" count="104" type="stmt"/>
        <line num="25" count="104" type="stmt"/>
        <line num="26" count="103" type="stmt"/>
        <line num="27" count="103" type="stmt"/>
        <line num="28" count="103" type="cond" truecount="1" falsecount="1"/>
        <line num="33" count="104" type="stmt"/>
        <line num="34" count="103" type="cond" truecount="1" falsecount="1"/>
        <line num="35" count="103" type="stmt"/>
        <line num="36" count="0" type="stmt"/>
        <line num="37" count="0" type="stmt"/>
        <line num="40" count="103" type="stmt"/>
        <line num="41" count="103" type="cond" truecount="1" falsecount="1"/>
        <line num="45" count="104" type="stmt"/>
        <line num="49" count="104" type="stmt"/>
        <line num="57" count="137" type="stmt"/>
        <line num="58" count="137" type="cond" truecount="1" falsecount="1"/>
        <line num="59" count="137" type="stmt"/>
      </file>
      <file name="DMContext.tsx" path="C:\Users\user\OneDrive\Desktop\Virtuel.fr\Nouveau dossier\extracted\virtuel-st\src\lib\contexts\DMContext.tsx">
        <metrics statements="34" coveredstatements="19" conditionals="18" coveredconditionals="3" methods="14" coveredmethods="4"/>
        <line num="22" count="18" type="stmt"/>
        <line num="23" count="18" type="stmt"/>
        <line num="26" count="95" type="stmt"/>
        <line num="27" count="95" type="stmt"/>
        <line num="29" count="95" type="stmt"/>
        <line num="30" count="95" type="stmt"/>
        <line num="31" count="95" type="stmt"/>
        <line num="32" count="95" type="cond" truecount="1" falsecount="1"/>
        <line num="36" count="95" type="stmt"/>
        <line num="37" count="95" type="cond" truecount="1" falsecount="1"/>
        <line num="38" count="95" type="stmt"/>
        <line num="39" count="0" type="stmt"/>
        <line num="41" count="95" type="stmt"/>
        <line num="42" count="95" type="cond" truecount="1" falsecount="1"/>
        <line num="46" count="95" type="stmt"/>
        <line num="47" count="0" type="stmt"/>
        <line num="48" count="0" type="stmt"/>
        <line num="58" count="0" type="cond" truecount="0" falsecount="2"/>
        <line num="59" count="0" type="stmt"/>
        <line num="62" count="95" type="stmt"/>
        <line num="63" count="0" type="stmt"/>
        <line num="64" count="0" type="stmt"/>
        <line num="67" count="0" type="cond" truecount="0" falsecount="2"/>
        <line num="72" count="95" type="stmt"/>
        <line num="73" count="0" type="stmt"/>
        <line num="74" count="0" type="cond" truecount="0" falsecount="2"/>
        <line num="77" count="95" type="stmt"/>
        <line num="78" count="0" type="stmt"/>
        <line num="79" count="0" type="cond" truecount="0" falsecount="2"/>
        <line num="82" count="95" type="stmt"/>
        <line num="84" count="95" type="stmt"/>
        <line num="88" count="0" type="stmt"/>
        <line num="89" count="0" type="cond" truecount="0" falsecount="2"/>
        <line num="90" count="0" type="stmt"/>
      </file>
      <file name="MessagesContext.tsx" path="C:\Users\user\OneDrive\Desktop\Virtuel.fr\Nouveau dossier\extracted\virtuel-st\src\lib\contexts\MessagesContext.tsx">
        <metrics statements="44" coveredstatements="30" conditionals="28" coveredconditionals="10" methods="23" coveredmethods="7"/>
        <line num="28" count="18" type="stmt"/>
        <line num="30" count="18" type="stmt"/>
        <line num="31" count="18" type="stmt"/>
        <line num="32" count="18" type="stmt"/>
        <line num="35" count="0" type="stmt"/>
        <line num="36" count="0" type="stmt"/>
        <line num="37" count="0" type="stmt"/>
        <line num="40" count="0" type="cond" truecount="0" falsecount="2"/>
        <line num="42" count="0" type="stmt"/>
        <line num="47" count="100" type="stmt"/>
        <line num="48" count="100" type="stmt"/>
        <line num="51" count="100" type="stmt"/>
        <line num="52" count="99" type="stmt"/>
        <line num="53" count="99" type="stmt"/>
        <line num="54" count="99" type="cond" truecount="1" falsecount="1"/>
        <line num="59" count="100" type="stmt"/>
        <line num="60" count="100" type="cond" truecount="2" falsecount="0"/>
        <line num="61" count="100" type="stmt"/>
        <line num="62" count="0" type="stmt"/>
        <line num="63" count="0" type="stmt"/>
        <line num="66" count="100" type="stmt"/>
        <line num="67" count="100" type="cond" truecount="1" falsecount="1"/>
        <line num="71" count="100" type="stmt"/>
        <line num="72" count="1" type="stmt"/>
        <line num="73" count="1" type="cond" truecount="2" falsecount="0"/>
        <line num="74" count="1" type="cond" truecount="3" falsecount="1"/>
        <line num="75" count="1" type="stmt"/>
        <line num="76" count="1" type="stmt"/>
        <line num="80" count="100" type="stmt"/>
        <line num="81" count="0" type="cond" truecount="0" falsecount="2"/>
        <line num="84" count="100" type="stmt"/>
        <line num="85" count="0" type="stmt"/>
        <line num="87" count="0" type="cond" truecount="0" falsecount="2"/>
        <line num="91" count="100" type="stmt"/>
        <line num="92" count="0" type="stmt"/>
        <line num="96" count="0" type="cond" truecount="0" falsecount="2"/>
        <line num="101" count="100" type="stmt"/>
        <line num="102" count="0" type="stmt"/>
        <line num="105" count="0" type="cond" truecount="0" falsecount="2"/>
        <line num="110" count="100" type="stmt"/>
        <line num="114" count="100" type="stmt"/>
        <line num="122" count="37" type="stmt"/>
        <line num="123" count="37" type="cond" truecount="1" falsecount="1"/>
        <line num="124" count="37" type="stmt"/>
      </file>
      <file name="ModerationContext.tsx" path="C:\Users\user\OneDrive\Desktop\Virtuel.fr\Nouveau dossier\extracted\virtuel-st\src\lib\contexts\ModerationContext.tsx">
        <metrics statements="55" coveredstatements="30" conditionals="19" coveredconditionals="4" methods="23" coveredmethods="5"/>
        <line num="19" count="18" type="stmt"/>
        <line num="21" count="18" type="stmt"/>
        <line num="24" count="102" type="stmt"/>
        <line num="25" count="102" type="stmt"/>
        <line num="26" count="102" type="stmt"/>
        <line num="27" count="102" type="stmt"/>
        <line num="30" count="102" type="stmt"/>
        <line num="31" count="102" type="stmt"/>
        <line num="32" count="102" type="stmt"/>
        <line num="33" count="102" type="cond" truecount="1" falsecount="1"/>
        <line num="38" count="102" type="stmt"/>
        <line num="39" count="102" type="cond" truecount="1" falsecount="1"/>
        <line num="40" count="102" type="stmt"/>
        <line num="41" count="0" type="stmt"/>
        <line num="42" count="0" type="stmt"/>
        <line num="45" count="102" type="stmt"/>
        <line num="46" count="102" type="cond" truecount="1" falsecount="1"/>
        <line num="50" count="102" type="stmt"/>
        <line num="51" count="0" type="stmt"/>
        <line num="52" count="0" type="cond" truecount="0" falsecount="2"/>
        <line num="53" count="0" type="stmt"/>
        <line num="54" count="0" type="stmt"/>
        <line num="58" count="102" type="stmt"/>
        <line num="59" count="0" type="stmt"/>
        <line num="62" count="102" type="stmt"/>
        <line num="64" count="102" type="cond" truecount="0" falsecount="1"/>
        <line num="65" count="0" type="stmt"/>
        <line num="66" count="0" type="stmt"/>
        <line num="67" count="0" type="cond" truecount="0" falsecount="2"/>
        <line num="68" count="0" type="stmt"/>
        <line num="70" count="0" type="stmt"/>
        <line num="73" count="102" type="stmt"/>
        <line num="74" count="0" type="stmt"/>
        <line num="75" count="0" type="stmt"/>
        <line num="76" count="0" type="cond" truecount="0" falsecount="2"/>
        <line num="77" count="0" type="stmt"/>
        <line num="81" count="102" type="stmt"/>
        <line num="82" count="0" type="stmt"/>
        <line num="83" count="0" type="stmt"/>
        <line num="84" count="0" type="cond" truecount="0" falsecount="2"/>
        <line num="85" count="0" type="stmt"/>
        <line num="89" count="102" type="stmt"/>
        <line num="90" count="0" type="stmt"/>
        <line num="91" count="0" type="stmt"/>
        <line num="92" count="0" type="cond" truecount="0" falsecount="2"/>
        <line num="93" count="0" type="stmt"/>
        <line num="97" count="102" type="stmt"/>
        <line num="98" count="102" type="stmt"/>
        <line num="100" count="102" type="stmt"/>
        <line num="101" count="0" type="stmt"/>
        <line num="104" count="102" type="stmt"/>
        <line num="110" count="102" type="stmt"/>
        <line num="118" count="37" type="stmt"/>
        <line num="119" count="37" type="cond" truecount="1" falsecount="1"/>
        <line num="120" count="37" type="stmt"/>
      </file>
      <file name="NotificationsContext.tsx" path="C:\Users\user\OneDrive\Desktop\Virtuel.fr\Nouveau dossier\extracted\virtuel-st\src\lib\contexts\NotificationsContext.tsx">
        <metrics statements="21" coveredstatements="14" conditionals="2" coveredconditionals="1" methods="14" coveredmethods="4"/>
        <line num="19" count="18" type="stmt"/>
        <line num="22" count="95" type="stmt"/>
        <line num="23" count="95" type="stmt"/>
        <line num="26" count="95" type="stmt"/>
        <line num="27" count="95" type="stmt"/>
        <line num="30" count="95" type="stmt"/>
        <line num="31" count="0" type="stmt"/>
        <line num="32" count="0" type="stmt"/>
        <line num="33" count="0" type="stmt"/>
        <line num="34" count="0" type="stmt"/>
        <line num="35" count="0" type="stmt"/>
        <line num="39" count="95" type="stmt"/>
        <line num="40" count="0" type="stmt"/>
        <line num="43" count="95" type="stmt"/>
        <line num="44" count="0" type="stmt"/>
        <line num="47" count="95" type="stmt"/>
        <line num="49" count="95" type="stmt"/>
        <line num="53" count="95" type="stmt"/>
        <line num="61" count="616" type="stmt"/>
        <line num="62" count="616" type="cond" truecount="1" falsecount="1"/>
        <line num="63" count="616" type="stmt"/>
      </file>
      <file name="PreferencesContext.tsx" path="C:\Users\user\OneDrive\Desktop\Virtuel.fr\Nouveau dossier\extracted\virtuel-st\src\lib\contexts\PreferencesContext.tsx">
        <metrics statements="75" coveredstatements="50" conditionals="16" coveredconditionals="7" methods="16" coveredmethods="7"/>
        <line num="24" count="18" type="stmt"/>
        <line num="26" count="18" type="stmt"/>
        <line num="27" count="18" type="stmt"/>
        <line num="28" count="18" type="stmt"/>
        <line num="29" count="18" type="stmt"/>
        <line num="30" count="18" type="stmt"/>
        <line num="32" count="18" type="stmt"/>
        <line num="44" count="190" type="stmt"/>
        <line num="45" count="190" type="stmt"/>
        <line num="46" count="190" type="stmt"/>
        <line num="47" count="190" type="stmt"/>
        <line num="48" count="190" type="stmt"/>
        <line num="49" count="190" type="stmt"/>
        <line num="51" count="190" type="stmt"/>
        <line num="52" count="95" type="cond" truecount="1" falsecount="1"/>
        <line num="53" count="95" type="stmt"/>
        <line num="56" count="190" type="stmt"/>
        <line num="57" count="95" type="stmt"/>
        <line num="58" count="95" type="stmt"/>
        <line num="59" count="95" type="stmt"/>
        <line num="62" count="190" type="stmt"/>
        <line num="63" count="95" type="stmt"/>
        <line num="65" count="95" type="stmt"/>
        <line num="66" count="95" type="cond" truecount="3" falsecount="1"/>
        <line num="68" count="95" type="stmt"/>
        <line num="69" count="95" type="stmt"/>
        <line num="71" count="95" type="stmt"/>
        <line num="72" count="95" type="stmt"/>
        <line num="73" count="95" type="stmt"/>
        <line num="74" count="95" type="stmt"/>
        <line num="75" count="95" type="cond" truecount="2" falsecount="0"/>
        <line num="76" count="95" type="stmt"/>
        <line num="77" count="95" type="stmt"/>
        <line num="78" count="95" type="stmt"/>
        <line num="79" count="95" type="stmt"/>
        <line num="80" count="95" type="stmt"/>
        <line num="83" count="95" type="stmt"/>
        <line num="84" count="95" type="stmt"/>
        <line num="85" count="0" type="cond" truecount="0" falsecount="2"/>
        <line num="86" count="0" type="cond" truecount="0" falsecount="2"/>
        <line num="87" count="0" type="stmt"/>
        <line num="88" count="0" type="stmt"/>
        <line num="91" count="95" type="stmt"/>
        <line num="92" count="95" type="stmt"/>
        <line num="96" count="190" type="stmt"/>
        <line num="97" count="0" type="stmt"/>
        <line num="98" count="0" type="cond" truecount="0" falsecount="2"/>
        <line num="99" count="0" type="stmt"/>
        <line num="100" count="0" type="stmt"/>
        <line num="101" count="0" type="stmt"/>
        <line num="105" count="190" type="stmt"/>
        <line num="106" count="0" type="stmt"/>
        <line num="107" count="0" type="stmt"/>
        <line num="108" count="0" type="stmt"/>
        <line num="109" count="0" type="stmt"/>
        <line num="110" count="0" type="stmt"/>
        <line num="114" count="190" type="stmt"/>
        <line num="115" count="0" type="stmt"/>
        <line num="116" count="0" type="stmt"/>
        <line num="117" count="0" type="stmt"/>
        <line num="120" count="190" type="stmt"/>
        <line num="121" count="0" type="stmt"/>
        <line num="122" count="0" type="stmt"/>
        <line num="123" count="0" type="stmt"/>
        <line num="126" count="190" type="stmt"/>
        <line num="127" count="0" type="stmt"/>
        <line num="128" count="0" type="stmt"/>
        <line num="129" count="0" type="stmt"/>
        <line num="130" count="0" type="stmt"/>
        <line num="131" count="0" type="stmt"/>
        <line num="135" count="190" type="stmt"/>
        <line num="140" count="190" type="stmt"/>
        <line num="148" count="216" type="stmt"/>
        <line num="149" count="216" type="cond" truecount="1" falsecount="1"/>
        <line num="150" count="216" type="stmt"/>
      </file>
      <file name="SalonsContext.tsx" path="C:\Users\user\OneDrive\Desktop\Virtuel.fr\Nouveau dossier\extracted\virtuel-st\src\lib\contexts\SalonsContext.tsx">
        <metrics statements="68" coveredstatements="47" conditionals="28" coveredconditionals="10" methods="25" coveredmethods="10"/>
        <line num="29" count="18" type="stmt"/>
        <line num="31" count="18" type="stmt"/>
        <line num="32" count="18" type="stmt"/>
        <line num="33" count="18" type="stmt"/>
        <line num="36" count="100" type="stmt"/>
        <line num="37" count="100" type="stmt"/>
        <line num="38" count="100" type="stmt"/>
        <line num="39" count="100" type="stmt"/>
        <line num="42" count="100" type="stmt"/>
        <line num="43" count="0" type="stmt"/>
        <line num="47" count="100" type="stmt"/>
        <line num="48" count="100" type="stmt"/>
        <line num="50" count="100" type="stmt"/>
        <line num="51" count="100" type="stmt"/>
        <line num="52" count="100" type="stmt"/>
        <line num="55" count="100" type="stmt"/>
        <line num="56" count="100" type="stmt"/>
        <line num="57" count="100" type="stmt"/>
        <line num="58" count="100" type="cond" truecount="1" falsecount="1"/>
        <line num="59" count="100" type="stmt"/>
        <line num="60" count="100" type="cond" truecount="1" falsecount="1"/>
        <line num="61" count="100" type="stmt"/>
        <line num="62" count="100" type="cond" truecount="1" falsecount="1"/>
        <line num="67" count="100" type="stmt"/>
        <line num="68" count="100" type="cond" truecount="1" falsecount="1"/>
        <line num="69" count="100" type="stmt"/>
        <line num="70" count="0" type="stmt"/>
        <line num="71" count="0" type="stmt"/>
        <line num="74" count="100" type="stmt"/>
        <line num="75" count="100" type="cond" truecount="1" falsecount="1"/>
        <line num="79" count="100" type="stmt"/>
        <line num="80" count="100" type="cond" truecount="1" falsecount="1"/>
        <line num="81" count="100" type="stmt"/>
        <line num="82" count="0" type="stmt"/>
        <line num="83" count="0" type="stmt"/>
        <line num="86" count="100" type="stmt"/>
        <line num="87" count="100" type="cond" truecount="1" falsecount="1"/>
        <line num="91" count="100" type="stmt"/>
        <line num="92" count="100" type="stmt"/>
        <line num="93" count="100" type="cond" truecount="1" falsecount="1"/>
        <line num="94" count="100" type="stmt"/>
        <line num="95" count="0" type="stmt"/>
        <line num="96" count="0" type="stmt"/>
        <line num="99" count="100" type="stmt"/>
        <line num="100" count="100" type="cond" truecount="1" falsecount="1"/>
        <line num="104" count="100" type="stmt"/>
        <line num="105" count="0" type="stmt"/>
        <line num="106" count="0" type="stmt"/>
        <line num="109" count="100" type="stmt"/>
        <line num="110" count="0" type="stmt"/>
        <line num="111" count="0" type="cond" truecount="0" falsecount="2"/>
        <line num="114" count="100" type="stmt"/>
        <line num="115" count="0" type="stmt"/>
        <line num="116" count="0" type="stmt"/>
        <line num="117" count="0" type="cond" truecount="0" falsecount="2"/>
        <line num="120" count="100" type="stmt"/>
        <line num="121" count="0" type="stmt"/>
        <line num="122" count="0" type="stmt"/>
        <line num="123" count="0" type="cond" truecount="0" falsecount="2"/>
        <line num="124" count="0" type="cond" truecount="0" falsecount="2"/>
        <line num="125" count="0" type="stmt"/>
        <line num="126" count="0" type="stmt"/>
        <line num="128" count="0" type="stmt"/>
        <line num="131" count="100" type="stmt"/>
        <line num="138" count="100" type="stmt"/>
        <line num="146" count="64" type="stmt"/>
        <line num="147" count="64" type="cond" truecount="1" falsecount="1"/>
        <line num="148" count="64" type="stmt"/>
      </file>
      <file name="UIContext.tsx" path="C:\Users\user\OneDrive\Desktop\Virtuel.fr\Nouveau dossier\extracted\virtuel-st\src\lib\contexts\UIContext.tsx">
        <metrics statements="10" coveredstatements="9" conditionals="4" coveredconditionals="1" methods="3" coveredmethods="2"/>
        <line num="15" count="18" type="stmt"/>
        <line num="18" count="95" type="stmt"/>
        <line num="19" count="95" type="stmt"/>
        <line num="22" count="95" type="stmt"/>
        <line num="23" count="0" type="cond" truecount="0" falsecount="2"/>
        <line num="26" count="95" type="stmt"/>
        <line num="32" count="95" type="stmt"/>
        <line num="40" count="17" type="stmt"/>
        <line num="41" count="17" type="cond" truecount="1" falsecount="1"/>
        <line num="42" count="17" type="stmt"/>
      </file>
      <file name="UserContext.tsx" path="C:\Users\user\OneDrive\Desktop\Virtuel.fr\Nouveau dossier\extracted\virtuel-st\src\lib\contexts\UserContext.tsx">
        <metrics statements="58" coveredstatements="38" conditionals="18" coveredconditionals="8" methods="22" coveredmethods="12"/>
        <line num="32" count="19" type="stmt"/>
        <line num="34" count="19" type="stmt"/>
        <line num="37" count="102" type="stmt"/>
        <line num="38" count="102" type="stmt"/>
        <line num="39" count="102" type="stmt"/>
        <line num="42" count="102" type="stmt"/>
        <line num="43" count="98" type="stmt"/>
        <line num="44" count="98" type="stmt"/>
        <line num="45" count="98" type="cond" truecount="1" falsecount="1"/>
        <line num="47" count="0" type="stmt"/>
        <line num="48" count="0" type="stmt"/>
        <line num="49" count="0" type="stmt"/>
        <line num="51" count="0" type="stmt"/>
        <line num="57" count="102" type="stmt"/>
        <line num="58" count="101" type="cond" truecount="2" falsecount="0"/>
        <line num="59" count="101" type="stmt"/>
        <line num="60" count="0" type="stmt"/>
        <line num="61" count="0" type="stmt"/>
        <line num="64" count="101" type="stmt"/>
        <line num="65" count="101" type="cond" truecount="1" falsecount="1"/>
        <line num="70" count="102" type="stmt"/>
        <line num="71" count="101" type="stmt"/>
        <line num="72" count="0" type="cond" truecount="0" falsecount="2"/>
        <line num="73" count="0" type="stmt"/>
        <line num="74" count="0" type="stmt"/>
        <line num="75" count="0" type="stmt"/>
        <line num="76" count="0" type="stmt"/>
        <line num="79" count="101" type="stmt"/>
        <line num="80" count="101" type="stmt"/>
        <line num="83" count="102" type="stmt"/>
        <line num="84" count="2" type="stmt"/>
        <line num="85" count="2" type="cond" truecount="2" falsecount="0"/>
        <line num="92" count="2" type="stmt"/>
        <line num="93" count="2" type="stmt"/>
        <line num="94" count="2" type="stmt"/>
        <line num="97" count="102" type="stmt"/>
        <line num="98" count="0" type="stmt"/>
        <line num="99" count="0" type="cond" truecount="0" falsecount="2"/>
        <line num="100" count="0" type="stmt"/>
        <line num="101" count="0" type="stmt"/>
        <line num="105" count="102" type="stmt"/>
        <line num="106" count="1" type="stmt"/>
        <line num="107" count="1" type="cond" truecount="1" falsecount="1"/>
        <line num="108" count="1" type="stmt"/>
        <line num="109" count="1" type="stmt"/>
        <line num="110" count="1" type="stmt"/>
        <line num="114" count="102" type="stmt"/>
        <line num="115" count="0" type="stmt"/>
        <line num="118" count="102" type="stmt"/>
        <line num="119" count="0" type="stmt"/>
        <line num="120" count="0" type="stmt"/>
        <line num="121" count="0" type="cond" truecount="0" falsecount="2"/>
        <line num="122" count="0" type="stmt"/>
        <line num="126" count="102" type="stmt"/>
        <line num="130" count="102" type="stmt"/>
        <line num="138" count="399" type="stmt"/>
        <line num="139" count="399" type="cond" truecount="1" falsecount="1"/>
        <line num="140" count="399" type="stmt"/>
      </file>
      <file name="XPContext.tsx" path="C:\Users\user\OneDrive\Desktop\Virtuel.fr\Nouveau dossier\extracted\virtuel-st\src\lib\contexts\XPContext.tsx">
        <metrics statements="81" coveredstatements="35" conditionals="41" coveredconditionals="6" methods="19" coveredmethods="6"/>
        <line num="23" count="18" type="stmt"/>
        <line num="25" count="18" type="stmt"/>
        <line num="26" count="18" type="stmt"/>
        <line num="27" count="18" type="stmt"/>
        <line num="28" count="18" type="stmt"/>
        <line num="30" count="4" type="stmt"/>
        <line num="33" count="18" type="stmt"/>
        <line num="35" count="0" type="cond" truecount="0" falsecount="2"/>
        <line num="36" count="0" type="stmt"/>
        <line num="37" count="0" type="cond" truecount="0" falsecount="2"/>
        <line num="39" count="0" type="stmt"/>
        <line num="40" count="0" type="stmt"/>
        <line num="43" count="0" type="stmt"/>
        <line num="47" count="0" type="stmt"/>
        <line num="48" count="0" type="stmt"/>
        <line num="49" count="0" type="cond" truecount="0" falsecount="2"/>
        <line num="50" count="0" type="stmt"/>
        <line num="51" count="0" type="stmt"/>
        <line num="52" count="0" type="stmt"/>
        <line num="53" count="0" type="stmt"/>
        <line num="54" count="0" type="stmt"/>
        <line num="55" count="0" type="stmt"/>
        <line num="56" count="0" type="stmt"/>
        <line num="57" count="0" type="stmt"/>
        <line num="58" count="0" type="stmt"/>
        <line num="62" count="18" type="stmt"/>
        <line num="63" count="0" type="stmt"/>
        <line num="64" count="0" type="stmt"/>
        <line num="65" count="0" type="stmt"/>
        <line num="66" count="0" type="stmt"/>
        <line num="67" count="0" type="stmt"/>
        <line num="71" count="198" type="stmt"/>
        <line num="72" count="198" type="stmt"/>
        <line num="73" count="198" type="stmt"/>
        <line num="74" count="198" type="stmt"/>
        <line num="75" count="198" type="stmt"/>
        <line num="76" count="198" type="stmt"/>
        <line num="79" count="198" type="stmt"/>
        <line num="80" count="99" type="stmt"/>
        <line num="81" count="99" type="stmt"/>
        <line num="82" count="99" type="stmt"/>
        <line num="83" count="99" type="cond" truecount="2" falsecount="0"/>
        <line num="85" count="17" type="stmt"/>
        <line num="86" count="17" type="stmt"/>
        <line num="88" count="82" type="stmt"/>
        <line num="89" count="82" type="cond" truecount="1" falsecount="1"/>
        <line num="95" count="198" type="stmt"/>
        <line num="96" count="99" type="cond" truecount="1" falsecount="1"/>
        <line num="97" count="99" type="stmt"/>
        <line num="98" count="0" type="stmt"/>
        <line num="99" count="0" type="stmt"/>
        <line num="102" count="99" type="stmt"/>
        <line num="103" count="99" type="cond" truecount="1" falsecount="1"/>
        <line num="107" count="198" type="stmt"/>
        <line num="108" count="0" type="stmt"/>
        <line num="109" count="0" type="cond" truecount="0" falsecount="2"/>
        <line num="110" count="0" type="stmt"/>
        <line num="112" count="0" type="cond" truecount="0" falsecount="2"/>
        <line num="114" count="0" type="stmt"/>
        <line num="115" count="0" type="cond" truecount="0" falsecount="2"/>
        <line num="116" count="0" type="cond" truecount="0" falsecount="2"/>
        <line num="117" count="0" type="cond" truecount="0" falsecount="2"/>
        <line num="119" count="0" type="stmt"/>
        <line num="121" count="0" type="cond" truecount="0" falsecount="4"/>
        <line num="122" count="0" type="stmt"/>
        <line num="123" count="0" type="stmt"/>
        <line num="124" count="0" type="stmt"/>
        <line num="127" count="0" type="stmt"/>
        <line num="128" count="0" type="cond" truecount="0" falsecount="2"/>
        <line num="130" count="0" type="stmt"/>
        <line num="133" count="198" type="stmt"/>
        <line num="134" count="0" type="cond" truecount="0" falsecount="2"/>
        <line num="135" count="0" type="cond" truecount="0" falsecount="2"/>
        <line num="136" count="0" type="stmt"/>
        <line num="137" count="0" type="stmt"/>
        <line num="138" count="0" type="cond" truecount="0" falsecount="2"/>
        <line num="141" count="198" type="stmt"/>
        <line num="147" count="198" type="stmt"/>
        <line num="155" count="44" type="stmt"/>
        <line num="156" count="44" type="cond" truecount="1" falsecount="1"/>
        <line num="157" count="44" type="stmt"/>
      </file>
      <file name="index.tsx" path="C:\Users\user\OneDrive\Desktop\Virtuel.fr\Nouveau dossier\extracted\virtuel-st\src\lib\contexts\index.tsx">
        <metrics statements="12" coveredstatements="0" conditionals="0" coveredconditionals="0" methods="2" coveredmethods="0"/>
        <line num="20" count="0" type="stmt"/>
        <line num="62" count="0" type="stmt"/>
        <line num="63" count="0" type="stmt"/>
        <line num="64" count="0" type="stmt"/>
        <line num="65" count="0" type="stmt"/>
        <line num="66" count="0" type="stmt"/>
        <line num="67" count="0" type="stmt"/>
        <line num="68" count="0" type="stmt"/>
        <line num="69" count="0" type="stmt"/>
        <line num="70" count="0" type="stmt"/>
        <line num="71" count="0" type="stmt"/>
        <line num="73" count="0" type="stmt"/>
      </file>
    </package>
    <package name="test.utils">
      <metrics statements="1" coveredstatements="1" conditionals="0" coveredconditionals="0" methods="1" coveredmethods="1"/>
      <file name="testProviders.tsx" path="C:\Users\user\OneDrive\Desktop\Virtuel.fr\Nouveau dossier\extracted\virtuel-st\src\test\utils\testProviders.tsx">
        <metrics statements="1" coveredstatements="1" conditionals="0" coveredconditionals="0" methods="1" coveredmethods="1"/>
        <line num="14" count="95" type="stmt"/>
      </file>
    </package>
  </project>
</coverage>
