{"C:\\Users\\user\\OneDrive\\Desktop\\Virtuel.fr\\Nouveau dossier\\extracted\\virtuel-st\\src\\components\\chat\\AdminPanel.tsx": {"path":"C:\\Users\\user\\OneDrive\\Desktop\\Virtuel.fr\\Nouveau dossier\\extracted\\virtuel-st\\src\\components\\chat\\AdminPanel.tsx","statementMap":{"0":{"start":{"line":18,"column":20},"end":{"line":26,"column":null}},"1":{"start":{"line":29,"column":23},"end":{"line":29,"column":null}},"2":{"start":{"line":30,"column":32},"end":{"line":30,"column":null}},"3":{"start":{"line":31,"column":8},"end":{"line":31,"column":null}},"4":{"start":{"line":32,"column":8},"end":{"line":32,"column":null}},"5":{"start":{"line":33,"column":8},"end":{"line":33,"column":null}},"6":{"start":{"line":34,"column":8},"end":{"line":34,"column":null}},"7":{"start":{"line":37,"column":2},"end":{"line":41,"column":null}},"8":{"start":{"line":38,"column":4},"end":{"line":40,"column":null}},"9":{"start":{"line":39,"column":6},"end":{"line":39,"column":null}},"10":{"start":{"line":44,"column":24},"end":{"line":48,"column":null}},"11":{"start":{"line":45,"column":4},"end":{"line":47,"column":null}},"12":{"start":{"line":46,"column":6},"end":{"line":46,"column":null}},"13":{"start":{"line":51,"column":27},"end":{"line":62,"column":null}},"14":{"start":{"line":52,"column":4},"end":{"line":56,"column":null}},"15":{"start":{"line":53,"column":6},"end":{"line":53,"column":null}},"16":{"start":{"line":54,"column":12},"end":{"line":54,"column":null}},"17":{"start":{"line":55,"column":6},"end":{"line":55,"column":null}},"18":{"start":{"line":57,"column":4},"end":{"line":61,"column":null}},"19":{"start":{"line":58,"column":6},"end":{"line":58,"column":null}},"20":{"start":{"line":59,"column":12},"end":{"line":59,"column":null}},"21":{"start":{"line":60,"column":6},"end":{"line":60,"column":null}},"22":{"start":{"line":64,"column":2},"end":{"line":130,"column":null}},"23":{"start":{"line":85,"column":27},"end":{"line":85,"column":null}},"24":{"start":{"line":99,"column":27},"end":{"line":99,"column":null}},"25":{"start":{"line":100,"column":30},"end":{"line":100,"column":null}},"26":{"start":{"line":101,"column":29},"end":{"line":101,"column":null}},"27":{"start":{"line":102,"column":14},"end":{"line":115,"column":null}},"28":{"start":{"line":106,"column":33},"end":{"line":106,"column":null}},"29":{"start":{"line":107,"column":36},"end":{"line":107,"column":null}}},"fnMap":{"0":{"name":"AdminPanel","decl":{"start":{"line":28,"column":24},"end":{"line":28,"column":37}},"loc":{"start":{"line":28,"column":37},"end":{"line":132,"column":null}},"line":28},"1":{"name":"(anonymous_1)","decl":{"start":{"line":37,"column":12},"end":{"line":37,"column":18}},"loc":{"start":{"line":37,"column":18},"end":{"line":41,"column":5}},"line":37},"2":{"name":"(anonymous_2)","decl":{"start":{"line":44,"column":24},"end":{"line":44,"column":25}},"loc":{"start":{"line":44,"column":62},"end":{"line":48,"column":null}},"line":44},"3":{"name":"(anonymous_3)","decl":{"start":{"line":51,"column":27},"end":{"line":51,"column":28}},"loc":{"start":{"line":51,"column":90},"end":{"line":62,"column":null}},"line":51},"4":{"name":"(anonymous_4)","decl":{"start":{"line":85,"column":21},"end":{"line":85,"column":27}},"loc":{"start":{"line":85,"column":27},"end":{"line":85,"column":null}},"line":85},"5":{"name":"(anonymous_5)","decl":{"start":{"line":98,"column":22},"end":{"line":98,"column":23}},"loc":{"start":{"line":98,"column":38},"end":{"line":117,"column":13}},"line":98},"6":{"name":"(anonymous_6)","decl":{"start":{"line":106,"column":27},"end":{"line":106,"column":33}},"loc":{"start":{"line":106,"column":33},"end":{"line":106,"column":null}},"line":106},"7":{"name":"(anonymous_7)","decl":{"start":{"line":107,"column":29},"end":{"line":107,"column":30}},"loc":{"start":{"line":107,"column":36},"end":{"line":107,"column":null}},"line":107}},"branchMap":{"0":{"loc":{"start":{"line":38,"column":4},"end":{"line":40,"column":null}},"type":"if","locations":[{"start":{"line":38,"column":4},"end":{"line":40,"column":null}},{"start":{},"end":{}}],"line":38},"1":{"loc":{"start":{"line":45,"column":4},"end":{"line":47,"column":null}},"type":"if","locations":[{"start":{"line":45,"column":4},"end":{"line":47,"column":null}},{"start":{},"end":{}}],"line":45},"2":{"loc":{"start":{"line":52,"column":4},"end":{"line":56,"column":null}},"type":"if","locations":[{"start":{"line":52,"column":4},"end":{"line":56,"column":null}},{"start":{},"end":{}}],"line":52},"3":{"loc":{"start":{"line":52,"column":8},"end":{"line":52,"column":57}},"type":"binary-expr","locations":[{"start":{"line":52,"column":8},"end":{"line":52,"column":34}},{"start":{"line":52,"column":34},"end":{"line":52,"column":57}}],"line":52},"4":{"loc":{"start":{"line":57,"column":4},"end":{"line":61,"column":null}},"type":"if","locations":[{"start":{"line":57,"column":4},"end":{"line":61,"column":null}},{"start":{},"end":{}}],"line":57},"5":{"loc":{"start":{"line":57,"column":8},"end":{"line":57,"column":54}},"type":"binary-expr","locations":[{"start":{"line":57,"column":8},"end":{"line":57,"column":33}},{"start":{"line":57,"column":33},"end":{"line":57,"column":54}}],"line":57},"6":{"loc":{"start":{"line":105,"column":23},"end":{"line":105,"column":null}},"type":"cond-expr","locations":[{"start":{"line":105,"column":33},"end":{"line":105,"column":47}},{"start":{"line":105,"column":47},"end":{"line":105,"column":null}}],"line":105},"7":{"loc":{"start":{"line":105,"column":47},"end":{"line":105,"column":null}},"type":"cond-expr","locations":[{"start":{"line":105,"column":56},"end":{"line":105,"column":69}},{"start":{"line":105,"column":69},"end":{"line":105,"column":null}}],"line":105},"8":{"loc":{"start":{"line":112,"column":109},"end":{"line":112,"column":276}},"type":"cond-expr","locations":[{"start":{"line":112,"column":132},"end":{"line":112,"column":181}},{"start":{"line":112,"column":181},"end":{"line":112,"column":276}}],"line":112},"9":{"loc":{"start":{"line":120,"column":13},"end":{"line":120,"column":null}},"type":"binary-expr","locations":[{"start":{"line":120,"column":13},"end":{"line":120,"column":43}},{"start":{"line":120,"column":43},"end":{"line":120,"column":null}}],"line":120},"10":{"loc":{"start":{"line":121,"column":13},"end":{"line":121,"column":null}},"type":"binary-expr","locations":[{"start":{"line":121,"column":13},"end":{"line":121,"column":43}},{"start":{"line":121,"column":43},"end":{"line":121,"column":null}}],"line":121},"11":{"loc":{"start":{"line":122,"column":13},"end":{"line":122,"column":null}},"type":"binary-expr","locations":[{"start":{"line":122,"column":13},"end":{"line":122,"column":43}},{"start":{"line":122,"column":43},"end":{"line":122,"column":null}}],"line":122},"12":{"loc":{"start":{"line":123,"column":13},"end":{"line":123,"column":null}},"type":"binary-expr","locations":[{"start":{"line":123,"column":13},"end":{"line":123,"column":43}},{"start":{"line":123,"column":43},"end":{"line":123,"column":null}}],"line":123},"13":{"loc":{"start":{"line":124,"column":13},"end":{"line":124,"column":null}},"type":"binary-expr","locations":[{"start":{"line":124,"column":13},"end":{"line":124,"column":43}},{"start":{"line":124,"column":43},"end":{"line":124,"column":null}}],"line":124},"14":{"loc":{"start":{"line":125,"column":13},"end":{"line":125,"column":null}},"type":"binary-expr","locations":[{"start":{"line":125,"column":13},"end":{"line":125,"column":43}},{"start":{"line":125,"column":43},"end":{"line":125,"column":null}}],"line":125},"15":{"loc":{"start":{"line":126,"column":13},"end":{"line":126,"column":null}},"type":"binary-expr","locations":[{"start":{"line":126,"column":13},"end":{"line":126,"column":43}},{"start":{"line":126,"column":43},"end":{"line":126,"column":null}}],"line":126}},"s":{"0":1,"1":5,"2":5,"3":5,"4":5,"5":5,"6":5,"7":5,"8":5,"9":5,"10":5,"11":0,"12":0,"13":5,"14":0,"15":0,"16":0,"17":0,"18":0,"19":0,"20":0,"21":0,"22":5,"23":0,"24":35,"25":35,"26":35,"27":35,"28":0,"29":0},"f":{"0":5,"1":5,"2":0,"3":0,"4":0,"5":35,"6":0,"7":0},"b":{"0":[5,0],"1":[0,0],"2":[0,0],"3":[0,0],"4":[0,0],"5":[0,0],"6":[5,30],"7":[5,25],"8":[5,30],"9":[5,5],"10":[5,0],"11":[5,0],"12":[5,0],"13":[5,0],"14":[5,0],"15":[5,0]},"meta":{"lastBranch":16,"lastFunction":8,"lastStatement":30,"seen":{"s:18:20:26:Infinity":0,"f:28:24:28:37":0,"s:29:23:29:Infinity":1,"s:30:32:30:Infinity":2,"s:31:8:31:Infinity":3,"s:32:8:32:Infinity":4,"s:33:8:33:Infinity":5,"s:34:8:34:Infinity":6,"s:37:2:41:Infinity":7,"f:37:12:37:18":1,"b:38:4:40:Infinity:undefined:undefined:undefined:undefined":0,"s:38:4:40:Infinity":8,"s:39:6:39:Infinity":9,"s:44:24:48:Infinity":10,"f:44:24:44:25":2,"b:45:4:47:Infinity:undefined:undefined:undefined:undefined":1,"s:45:4:47:Infinity":11,"s:46:6:46:Infinity":12,"s:51:27:62:Infinity":13,"f:51:27:51:28":3,"b:52:4:56:Infinity:undefined:undefined:undefined:undefined":2,"s:52:4:56:Infinity":14,"b:52:8:52:34:52:34:52:57":3,"s:53:6:53:Infinity":15,"s:54:12:54:Infinity":16,"s:55:6:55:Infinity":17,"b:57:4:61:Infinity:undefined:undefined:undefined:undefined":4,"s:57:4:61:Infinity":18,"b:57:8:57:33:57:33:57:54":5,"s:58:6:58:Infinity":19,"s:59:12:59:Infinity":20,"s:60:6:60:Infinity":21,"s:64:2:130:Infinity":22,"f:85:21:85:27":4,"s:85:27:85:Infinity":23,"f:98:22:98:23":5,"s:99:27:99:Infinity":24,"s:100:30:100:Infinity":25,"s:101:29:101:Infinity":26,"s:102:14:115:Infinity":27,"b:105:33:105:47:105:47:105:Infinity":6,"b:105:56:105:69:105:69:105:Infinity":7,"f:106:27:106:33":6,"s:106:33:106:Infinity":28,"f:107:29:107:30":7,"s:107:36:107:Infinity":29,"b:112:132:112:181:112:181:112:276":8,"b:120:13:120:43:120:43:120:Infinity":9,"b:121:13:121:43:121:43:121:Infinity":10,"b:122:13:122:43:122:43:122:Infinity":11,"b:123:13:123:43:123:43:123:Infinity":12,"b:124:13:124:43:124:43:124:Infinity":13,"b:125:13:125:43:125:43:125:Infinity":14,"b:126:13:126:43:126:43:126:Infinity":15},"fnNames":{}}}
,"C:\\Users\\user\\OneDrive\\Desktop\\Virtuel.fr\\Nouveau dossier\\extracted\\virtuel-st\\src\\components\\chat\\Avatar.tsx": {"path":"C:\\Users\\user\\OneDrive\\Desktop\\Virtuel.fr\\Nouveau dossier\\extracted\\virtuel-st\\src\\components\\chat\\Avatar.tsx","statementMap":{"0":{"start":{"line":12,"column":6},"end":{"line":26,"column":null}},"1":{"start":{"line":13,"column":16},"end":{"line":13,"column":null}},"2":{"start":{"line":14,"column":44},"end":{"line":19,"column":null}},"3":{"start":{"line":20,"column":20},"end":{"line":20,"column":null}},"4":{"start":{"line":21,"column":2},"end":{"line":24,"column":null}}},"fnMap":{"0":{"name":"Avatar2","decl":{"start":{"line":12,"column":29},"end":{"line":12,"column":36}},"loc":{"start":{"line":12,"column":89},"end":{"line":26,"column":1}},"line":12}},"branchMap":{"0":{"loc":{"start":{"line":12,"column":61},"end":{"line":12,"column":73}},"type":"default-arg","locations":[{"start":{"line":12,"column":68},"end":{"line":12,"column":73}}],"line":12},"1":{"loc":{"start":{"line":13,"column":16},"end":{"line":13,"column":null}},"type":"binary-expr","locations":[{"start":{"line":13,"column":16},"end":{"line":13,"column":46}},{"start":{"line":13,"column":46},"end":{"line":13,"column":null}}],"line":13},"2":{"loc":{"start":{"line":20,"column":20},"end":{"line":20,"column":null}},"type":"binary-expr","locations":[{"start":{"line":20,"column":20},"end":{"line":20,"column":35}},{"start":{"line":20,"column":35},"end":{"line":20,"column":null}}],"line":20}},"s":{"0":9,"1":17,"2":17,"3":17,"4":17},"f":{"0":17},"b":{"0":[17],"1":[17,0],"2":[17,0]},"meta":{"lastBranch":3,"lastFunction":1,"lastStatement":5,"seen":{"s:12:6:26:Infinity":0,"f:12:29:12:36":0,"b:12:68:12:73":0,"s:13:16:13:Infinity":1,"b:13:16:13:46:13:46:13:Infinity":1,"s:14:44:19:Infinity":2,"s:20:20:20:Infinity":3,"b:20:20:20:35:20:35:20:Infinity":2,"s:21:2:24:Infinity":4},"fnNames":{}}}
,"C:\\Users\\user\\OneDrive\\Desktop\\Virtuel.fr\\Nouveau dossier\\extracted\\virtuel-st\\src\\components\\chat\\ChatArea.tsx": {"path":"C:\\Users\\user\\OneDrive\\Desktop\\Virtuel.fr\\Nouveau dossier\\extracted\\virtuel-st\\src\\components\\chat\\ChatArea.tsx","statementMap":{"0":{"start":{"line":18,"column":2},"end":{"line":18,"column":null}},"1":{"start":{"line":18,"column":30},"end":{"line":18,"column":56}},"2":{"start":{"line":18,"column":56},"end":{"line":18,"column":86}},"3":{"start":{"line":18,"column":69},"end":{"line":18,"column":86}},"4":{"start":{"line":19,"column":2},"end":{"line":24,"column":null}},"5":{"start":{"line":33,"column":2},"end":{"line":33,"column":null}},"6":{"start":{"line":33,"column":21},"end":{"line":33,"column":null}},"7":{"start":{"line":34,"column":2},"end":{"line":42,"column":null}},"8":{"start":{"line":38,"column":10},"end":{"line":38,"column":null}},"9":{"start":{"line":48,"column":2},"end":{"line":50,"column":null}},"10":{"start":{"line":49,"column":4},"end":{"line":49,"column":null}},"11":{"start":{"line":54,"column":2},"end":{"line":56,"column":null}},"12":{"start":{"line":55,"column":4},"end":{"line":55,"column":null}},"13":{"start":{"line":66,"column":25},"end":{"line":66,"column":null}},"14":{"start":{"line":67,"column":68},"end":{"line":67,"column":null}},"15":{"start":{"line":68,"column":26},"end":{"line":68,"column":null}},"16":{"start":{"line":69,"column":47},"end":{"line":69,"column":null}},"17":{"start":{"line":70,"column":77},"end":{"line":70,"column":null}},"18":{"start":{"line":71,"column":26},"end":{"line":71,"column":null}},"19":{"start":{"line":73,"column":8},"end":{"line":73,"column":null}},"20":{"start":{"line":74,"column":8},"end":{"line":74,"column":null}},"21":{"start":{"line":75,"column":8},"end":{"line":75,"column":null}},"22":{"start":{"line":76,"column":8},"end":{"line":76,"column":null}},"23":{"start":{"line":77,"column":8},"end":{"line":77,"column":null}},"24":{"start":{"line":78,"column":8},"end":{"line":78,"column":null}},"25":{"start":{"line":80,"column":42},"end":{"line":80,"column":null}},"26":{"start":{"line":81,"column":28},"end":{"line":81,"column":null}},"27":{"start":{"line":82,"column":34},"end":{"line":82,"column":null}},"28":{"start":{"line":83,"column":36},"end":{"line":83,"column":null}},"29":{"start":{"line":84,"column":36},"end":{"line":84,"column":null}},"30":{"start":{"line":85,"column":32},"end":{"line":85,"column":null}},"31":{"start":{"line":86,"column":26},"end":{"line":86,"column":null}},"32":{"start":{"line":87,"column":36},"end":{"line":87,"column":null}},"33":{"start":{"line":88,"column":28},"end":{"line":88,"column":null}},"34":{"start":{"line":89,"column":34},"end":{"line":89,"column":null}},"35":{"start":{"line":90,"column":32},"end":{"line":90,"column":null}},"36":{"start":{"line":92,"column":23},"end":{"line":92,"column":null}},"37":{"start":{"line":92,"column":72},"end":{"line":92,"column":108}},"38":{"start":{"line":93,"column":23},"end":{"line":93,"column":null}},"39":{"start":{"line":93,"column":43},"end":{"line":93,"column":64}},"40":{"start":{"line":94,"column":23},"end":{"line":94,"column":null}},"41":{"start":{"line":95,"column":23},"end":{"line":95,"column":null}},"42":{"start":{"line":96,"column":23},"end":{"line":96,"column":null}},"43":{"start":{"line":97,"column":23},"end":{"line":97,"column":null}},"44":{"start":{"line":97,"column":42},"end":{"line":97,"column":50}},"45":{"start":{"line":100,"column":2},"end":{"line":100,"column":null}},"46":{"start":{"line":100,"column":20},"end":{"line":100,"column":45}},"47":{"start":{"line":103,"column":2},"end":{"line":105,"column":null}},"48":{"start":{"line":104,"column":4},"end":{"line":104,"column":null}},"49":{"start":{"line":107,"column":2},"end":{"line":114,"column":null}},"50":{"start":{"line":108,"column":17},"end":{"line":108,"column":null}},"51":{"start":{"line":109,"column":4},"end":{"line":112,"column":null}},"52":{"start":{"line":110,"column":17},"end":{"line":110,"column":null}},"53":{"start":{"line":111,"column":6},"end":{"line":111,"column":null}},"54":{"start":{"line":111,"column":27},"end":{"line":111,"column":38}},"55":{"start":{"line":111,"column":41},"end":{"line":111,"column":null}},"56":{"start":{"line":117,"column":2},"end":{"line":145,"column":null}},"57":{"start":{"line":118,"column":4},"end":{"line":118,"column":null}},"58":{"start":{"line":118,"column":16},"end":{"line":118,"column":null}},"59":{"start":{"line":119,"column":4},"end":{"line":119,"column":24}},"60":{"start":{"line":119,"column":24},"end":{"line":119,"column":46}},"61":{"start":{"line":119,"column":46},"end":{"line":119,"column":null}},"62":{"start":{"line":120,"column":4},"end":{"line":120,"column":22}},"63":{"start":{"line":120,"column":22},"end":{"line":120,"column":39}},"64":{"start":{"line":120,"column":39},"end":{"line":120,"column":null}},"65":{"start":{"line":121,"column":4},"end":{"line":121,"column":null}},"66":{"start":{"line":122,"column":4},"end":{"line":138,"column":null}},"67":{"start":{"line":123,"column":24},"end":{"line":123,"column":null}},"68":{"start":{"line":124,"column":22},"end":{"line":124,"column":null}},"69":{"start":{"line":124,"column":73},"end":{"line":124,"column":91}},"70":{"start":{"line":125,"column":6},"end":{"line":137,"column":null}},"71":{"start":{"line":126,"column":8},"end":{"line":136,"column":null}},"72":{"start":{"line":139,"column":4},"end":{"line":142,"column":null}},"73":{"start":{"line":140,"column":6},"end":{"line":140,"column":null}},"74":{"start":{"line":141,"column":6},"end":{"line":141,"column":null}},"75":{"start":{"line":143,"column":4},"end":{"line":143,"column":null}},"76":{"start":{"line":143,"column":19},"end":{"line":143,"column":62}},"77":{"start":{"line":143,"column":62},"end":{"line":143,"column":88}},"78":{"start":{"line":148,"column":2},"end":{"line":169,"column":null}},"79":{"start":{"line":149,"column":21},"end":{"line":149,"column":null}},"80":{"start":{"line":150,"column":21},"end":{"line":150,"column":null}},"81":{"start":{"line":151,"column":4},"end":{"line":151,"column":null}},"82":{"start":{"line":152,"column":4},"end":{"line":152,"column":null}},"83":{"start":{"line":152,"column":20},"end":{"line":152,"column":null}},"84":{"start":{"line":154,"column":4},"end":{"line":159,"column":null}},"85":{"start":{"line":155,"column":6},"end":{"line":155,"column":null}},"86":{"start":{"line":156,"column":6},"end":{"line":156,"column":null}},"87":{"start":{"line":158,"column":6},"end":{"line":158,"column":null}},"88":{"start":{"line":158,"column":27},"end":{"line":158,"column":39}},"89":{"start":{"line":162,"column":4},"end":{"line":168,"column":null}},"90":{"start":{"line":163,"column":19},"end":{"line":163,"column":null}},"91":{"start":{"line":164,"column":6},"end":{"line":167,"column":null}},"92":{"start":{"line":165,"column":8},"end":{"line":165,"column":null}},"93":{"start":{"line":166,"column":8},"end":{"line":166,"column":null}},"94":{"start":{"line":172,"column":2},"end":{"line":196,"column":null}},"95":{"start":{"line":173,"column":26},"end":{"line":193,"column":null}},"96":{"start":{"line":174,"column":18},"end":{"line":174,"column":null}},"97":{"start":{"line":176,"column":6},"end":{"line":180,"column":null}},"98":{"start":{"line":177,"column":8},"end":{"line":177,"column":null}},"99":{"start":{"line":178,"column":8},"end":{"line":178,"column":null}},"100":{"start":{"line":178,"column":27},"end":{"line":178,"column":29}},"101":{"start":{"line":179,"column":8},"end":{"line":179,"column":null}},"102":{"start":{"line":179,"column":25},"end":{"line":179,"column":null}},"103":{"start":{"line":179,"column":43},"end":{"line":179,"column":133}},"104":{"start":{"line":182,"column":6},"end":{"line":187,"column":null}},"105":{"start":{"line":183,"column":8},"end":{"line":183,"column":null}},"106":{"start":{"line":184,"column":8},"end":{"line":184,"column":null}},"107":{"start":{"line":185,"column":8},"end":{"line":185,"column":null}},"108":{"start":{"line":186,"column":8},"end":{"line":186,"column":null}},"109":{"start":{"line":189,"column":6},"end":{"line":192,"column":null}},"110":{"start":{"line":190,"column":8},"end":{"line":190,"column":null}},"111":{"start":{"line":191,"column":8},"end":{"line":191,"column":null}},"112":{"start":{"line":194,"column":4},"end":{"line":194,"column":null}},"113":{"start":{"line":195,"column":4},"end":{"line":195,"column":null}},"114":{"start":{"line":195,"column":17},"end":{"line":195,"column":null}},"115":{"start":{"line":199,"column":8},"end":{"line":205,"column":null}},"116":{"start":{"line":200,"column":15},"end":{"line":200,"column":null}},"117":{"start":{"line":201,"column":4},"end":{"line":201,"column":null}},"118":{"start":{"line":201,"column":13},"end":{"line":201,"column":null}},"119":{"start":{"line":202,"column":21},"end":{"line":202,"column":null}},"120":{"start":{"line":203,"column":4},"end":{"line":203,"column":null}},"121":{"start":{"line":204,"column":4},"end":{"line":204,"column":null}},"122":{"start":{"line":204,"column":18},"end":{"line":204,"column":null}},"123":{"start":{"line":207,"column":25},"end":{"line":211,"column":null}},"124":{"start":{"line":208,"column":4},"end":{"line":208,"column":null}},"125":{"start":{"line":209,"column":4},"end":{"line":209,"column":null}},"126":{"start":{"line":210,"column":4},"end":{"line":210,"column":null}},"127":{"start":{"line":213,"column":8},"end":{"line":233,"column":null}},"128":{"start":{"line":214,"column":4},"end":{"line":214,"column":null}},"129":{"start":{"line":214,"column":32},"end":{"line":214,"column":null}},"130":{"start":{"line":215,"column":4},"end":{"line":215,"column":null}},"131":{"start":{"line":215,"column":59},"end":{"line":215,"column":null}},"132":{"start":{"line":216,"column":19},"end":{"line":227,"column":null}},"133":{"start":{"line":228,"column":4},"end":{"line":228,"column":null}},"134":{"start":{"line":229,"column":4},"end":{"line":229,"column":null}},"135":{"start":{"line":230,"column":4},"end":{"line":230,"column":null}},"136":{"start":{"line":231,"column":21},"end":{"line":231,"column":null}},"137":{"start":{"line":232,"column":4},"end":{"line":232,"column":null}},"138":{"start":{"line":232,"column":18},"end":{"line":232,"column":null}},"139":{"start":{"line":235,"column":8},"end":{"line":249,"column":null}},"140":{"start":{"line":236,"column":4},"end":{"line":248,"column":null}},"141":{"start":{"line":237,"column":19},"end":{"line":237,"column":null}},"142":{"start":{"line":238,"column":19},"end":{"line":238,"column":null}},"143":{"start":{"line":238,"column":34},"end":{"line":238,"column":48}},"144":{"start":{"line":239,"column":6},"end":{"line":239,"column":null}},"145":{"start":{"line":239,"column":25},"end":{"line":239,"column":null}},"146":{"start":{"line":240,"column":24},"end":{"line":240,"column":null}},"147":{"start":{"line":241,"column":20},"end":{"line":241,"column":null}},"148":{"start":{"line":242,"column":18},"end":{"line":242,"column":null}},"149":{"start":{"line":243,"column":6},"end":{"line":243,"column":null}},"150":{"start":{"line":243,"column":20},"end":{"line":243,"column":47}},"151":{"start":{"line":243,"column":47},"end":{"line":243,"column":null}},"152":{"start":{"line":244,"column":6},"end":{"line":244,"column":null}},"153":{"start":{"line":244,"column":30},"end":{"line":244,"column":60}},"154":{"start":{"line":244,"column":60},"end":{"line":244,"column":null}},"155":{"start":{"line":245,"column":6},"end":{"line":245,"column":null}},"156":{"start":{"line":245,"column":24},"end":{"line":245,"column":null}},"157":{"start":{"line":246,"column":4},"end":{"line":248,"column":null}},"158":{"start":{"line":247,"column":6},"end":{"line":247,"column":null}},"159":{"start":{"line":251,"column":8},"end":{"line":251,"column":null}},"160":{"start":{"line":251,"column":61},"end":{"line":251,"column":115}},"161":{"start":{"line":251,"column":79},"end":{"line":251,"column":115}},"162":{"start":{"line":252,"column":8},"end":{"line":252,"column":null}},"163":{"start":{"line":252,"column":61},"end":{"line":252,"column":112}},"164":{"start":{"line":252,"column":79},"end":{"line":252,"column":112}},"165":{"start":{"line":253,"column":8},"end":{"line":253,"column":null}},"166":{"start":{"line":253,"column":60},"end":{"line":253,"column":107}},"167":{"start":{"line":253,"column":85},"end":{"line":253,"column":107}},"168":{"start":{"line":254,"column":8},"end":{"line":254,"column":null}},"169":{"start":{"line":254,"column":54},"end":{"line":254,"column":71}},"170":{"start":{"line":256,"column":23},"end":{"line":259,"column":null}},"171":{"start":{"line":257,"column":4},"end":{"line":257,"column":null}},"172":{"start":{"line":257,"column":32},"end":{"line":257,"column":null}},"173":{"start":{"line":258,"column":4},"end":{"line":258,"column":null}},"174":{"start":{"line":258,"column":46},"end":{"line":258,"column":61}},"175":{"start":{"line":261,"column":2},"end":{"line":261,"column":null}},"176":{"start":{"line":261,"column":14},"end":{"line":261,"column":null}},"177":{"start":{"line":263,"column":17},"end":{"line":263,"column":null}},"178":{"start":{"line":264,"column":17},"end":{"line":264,"column":null}},"179":{"start":{"line":266,"column":26},"end":{"line":274,"column":null}},"180":{"start":{"line":267,"column":4},"end":{"line":267,"column":null}},"181":{"start":{"line":267,"column":23},"end":{"line":267,"column":null}},"182":{"start":{"line":268,"column":4},"end":{"line":268,"column":null}},"183":{"start":{"line":268,"column":36},"end":{"line":268,"column":null}},"184":{"start":{"line":269,"column":4},"end":{"line":272,"column":null}},"185":{"start":{"line":270,"column":6},"end":{"line":271,"column":null}},"186":{"start":{"line":273,"column":4},"end":{"line":273,"column":null}},"187":{"start":{"line":277,"column":23},"end":{"line":279,"column":null}},"188":{"start":{"line":278,"column":17},"end":{"line":278,"column":64}},"189":{"start":{"line":279,"column":15},"end":{"line":279,"column":72}},"190":{"start":{"line":281,"column":21},"end":{"line":284,"column":null}},"191":{"start":{"line":284,"column":26},"end":{"line":284,"column":69}},"192":{"start":{"line":284,"column":45},"end":{"line":284,"column":62}},"193":{"start":{"line":286,"column":2},"end":{"line":449,"column":null}},"194":{"start":{"line":287,"column":74},"end":{"line":287,"column":null}},"195":{"start":{"line":289,"column":62},"end":{"line":289,"column":82}},"196":{"start":{"line":293,"column":31},"end":{"line":293,"column":null}},"197":{"start":{"line":309,"column":31},"end":{"line":309,"column":null}},"198":{"start":{"line":309,"column":50},"end":{"line":309,"column":52}},"199":{"start":{"line":313,"column":31},"end":{"line":313,"column":null}},"200":{"start":{"line":313,"column":51},"end":{"line":313,"column":53}},"201":{"start":{"line":324,"column":64},"end":{"line":324,"column":null}},"202":{"start":{"line":327,"column":51},"end":{"line":327,"column":71}},"203":{"start":{"line":329,"column":117},"end":{"line":329,"column":129}},"204":{"start":{"line":338,"column":33},"end":{"line":338,"column":58}},"205":{"start":{"line":369,"column":14},"end":{"line":378,"column":null}},"206":{"start":{"line":405,"column":33},"end":{"line":405,"column":null}},"207":{"start":{"line":415,"column":37},"end":{"line":415,"column":60}},"208":{"start":{"line":419,"column":16},"end":{"line":427,"column":null}},"209":{"start":{"line":419,"column":56},"end":{"line":419,"column":null}},"210":{"start":{"line":436,"column":31},"end":{"line":436,"column":128}},"211":{"start":{"line":436,"column":53},"end":{"line":436,"column":101}},"212":{"start":{"line":436,"column":101},"end":{"line":436,"column":126}},"213":{"start":{"line":437,"column":23},"end":{"line":437,"column":null}},"214":{"start":{"line":440,"column":62},"end":{"line":440,"column":80}},"215":{"start":{"line":445,"column":25},"end":{"line":445,"column":null}},"216":{"start":{"line":446,"column":32},"end":{"line":446,"column":54}},"217":{"start":{"line":446,"column":54},"end":{"line":446,"column":72}}},"fnMap":{"0":{"name":"JoinToast","decl":{"start":{"line":17,"column":9},"end":{"line":17,"column":19}},"loc":{"start":{"line":17,"column":53},"end":{"line":26,"column":null}},"line":17},"1":{"name":"(anonymous_1)","decl":{"start":{"line":18,"column":12},"end":{"line":18,"column":18}},"loc":{"start":{"line":18,"column":18},"end":{"line":18,"column":89}},"line":18},"2":{"name":"(anonymous_2)","decl":{"start":{"line":18,"column":63},"end":{"line":18,"column":69}},"loc":{"start":{"line":18,"column":69},"end":{"line":18,"column":86}},"line":18},"3":{"name":"TypingIndicator","decl":{"start":{"line":32,"column":9},"end":{"line":32,"column":25}},"loc":{"start":{"line":32,"column":58},"end":{"line":44,"column":null}},"line":32},"4":{"name":"(anonymous_4)","decl":{"start":{"line":37,"column":21},"end":{"line":37,"column":null}},"loc":{"start":{"line":38,"column":10},"end":{"line":38,"column":null}},"line":38},"5":{"name":"requestPushPermission","decl":{"start":{"line":47,"column":9},"end":{"line":47,"column":33}},"loc":{"start":{"line":47,"column":33},"end":{"line":51,"column":null}},"line":47},"6":{"name":"sendPush","decl":{"start":{"line":53,"column":9},"end":{"line":53,"column":18}},"loc":{"start":{"line":53,"column":47},"end":{"line":57,"column":null}},"line":53},"7":{"name":"ChatArea","decl":{"start":{"line":65,"column":24},"end":{"line":65,"column":33}},"loc":{"start":{"line":65,"column":83},"end":{"line":451,"column":null}},"line":65},"8":{"name":"(anonymous_8)","decl":{"start":{"line":92,"column":67},"end":{"line":92,"column":72}},"loc":{"start":{"line":92,"column":72},"end":{"line":92,"column":108}},"line":92},"9":{"name":"(anonymous_9)","decl":{"start":{"line":93,"column":38},"end":{"line":93,"column":43}},"loc":{"start":{"line":93,"column":43},"end":{"line":93,"column":64}},"line":93},"10":{"name":"(anonymous_10)","decl":{"start":{"line":97,"column":37},"end":{"line":97,"column":42}},"loc":{"start":{"line":97,"column":42},"end":{"line":97,"column":50}},"line":97},"11":{"name":"(anonymous_11)","decl":{"start":{"line":100,"column":12},"end":{"line":100,"column":18}},"loc":{"start":{"line":100,"column":18},"end":{"line":100,"column":48}},"line":100},"12":{"name":"(anonymous_12)","decl":{"start":{"line":103,"column":12},"end":{"line":103,"column":18}},"loc":{"start":{"line":103,"column":18},"end":{"line":105,"column":5}},"line":103},"13":{"name":"(anonymous_13)","decl":{"start":{"line":107,"column":12},"end":{"line":107,"column":18}},"loc":{"start":{"line":107,"column":18},"end":{"line":114,"column":5}},"line":107},"14":{"name":"(anonymous_14)","decl":{"start":{"line":111,"column":22},"end":{"line":111,"column":27}},"loc":{"start":{"line":111,"column":27},"end":{"line":111,"column":38}},"line":111},"15":{"name":"(anonymous_15)","decl":{"start":{"line":117,"column":12},"end":{"line":117,"column":18}},"loc":{"start":{"line":117,"column":18},"end":{"line":145,"column":5}},"line":117},"16":{"name":"(anonymous_16)","decl":{"start":{"line":124,"column":68},"end":{"line":124,"column":73}},"loc":{"start":{"line":124,"column":73},"end":{"line":124,"column":91}},"line":124},"17":{"name":"(anonymous_17)","decl":{"start":{"line":143,"column":11},"end":{"line":143,"column":17}},"loc":{"start":{"line":143,"column":17},"end":{"line":143,"column":null}},"line":143},"18":{"name":"(anonymous_18)","decl":{"start":{"line":148,"column":12},"end":{"line":148,"column":18}},"loc":{"start":{"line":148,"column":18},"end":{"line":169,"column":5}},"line":148},"19":{"name":"(anonymous_19)","decl":{"start":{"line":158,"column":19},"end":{"line":158,"column":27}},"loc":{"start":{"line":158,"column":27},"end":{"line":158,"column":39}},"line":158},"20":{"name":"(anonymous_20)","decl":{"start":{"line":172,"column":12},"end":{"line":172,"column":18}},"loc":{"start":{"line":172,"column":18},"end":{"line":196,"column":5}},"line":172},"21":{"name":"(anonymous_21)","decl":{"start":{"line":173,"column":26},"end":{"line":173,"column":27}},"loc":{"start":{"line":173,"column":40},"end":{"line":193,"column":null}},"line":173},"22":{"name":"(anonymous_22)","decl":{"start":{"line":178,"column":22},"end":{"line":178,"column":27}},"loc":{"start":{"line":178,"column":27},"end":{"line":178,"column":29}},"line":178},"23":{"name":"(anonymous_23)","decl":{"start":{"line":179,"column":36},"end":{"line":179,"column":43}},"loc":{"start":{"line":179,"column":43},"end":{"line":179,"column":133}},"line":179},"24":{"name":"(anonymous_24)","decl":{"start":{"line":195,"column":11},"end":{"line":195,"column":17}},"loc":{"start":{"line":195,"column":17},"end":{"line":195,"column":null}},"line":195},"25":{"name":"(anonymous_25)","decl":{"start":{"line":199,"column":35},"end":{"line":199,"column":41}},"loc":{"start":{"line":199,"column":41},"end":{"line":205,"column":5}},"line":199},"26":{"name":"(anonymous_26)","decl":{"start":{"line":207,"column":25},"end":{"line":207,"column":31}},"loc":{"start":{"line":207,"column":31},"end":{"line":211,"column":null}},"line":207},"27":{"name":"(anonymous_27)","decl":{"start":{"line":213,"column":33},"end":{"line":213,"column":34}},"loc":{"start":{"line":213,"column":95},"end":{"line":233,"column":5}},"line":213},"28":{"name":"(anonymous_28)","decl":{"start":{"line":235,"column":34},"end":{"line":235,"column":35}},"loc":{"start":{"line":235,"column":121},"end":{"line":249,"column":5}},"line":235},"29":{"name":"(anonymous_29)","decl":{"start":{"line":238,"column":29},"end":{"line":238,"column":34}},"loc":{"start":{"line":238,"column":34},"end":{"line":238,"column":48}},"line":238},"30":{"name":"(anonymous_30)","decl":{"start":{"line":251,"column":40},"end":{"line":251,"column":41}},"loc":{"start":{"line":251,"column":59},"end":{"line":251,"column":118}},"line":251},"31":{"name":"(anonymous_31)","decl":{"start":{"line":252,"column":40},"end":{"line":252,"column":41}},"loc":{"start":{"line":252,"column":59},"end":{"line":252,"column":115}},"line":252},"32":{"name":"(anonymous_32)","decl":{"start":{"line":253,"column":40},"end":{"line":253,"column":41}},"loc":{"start":{"line":253,"column":58},"end":{"line":253,"column":110}},"line":253},"33":{"name":"(anonymous_33)","decl":{"start":{"line":254,"column":40},"end":{"line":254,"column":41}},"loc":{"start":{"line":254,"column":54},"end":{"line":254,"column":71}},"line":254},"34":{"name":"(anonymous_34)","decl":{"start":{"line":256,"column":23},"end":{"line":256,"column":29}},"loc":{"start":{"line":256,"column":29},"end":{"line":259,"column":null}},"line":256},"35":{"name":"(anonymous_35)","decl":{"start":{"line":258,"column":40},"end":{"line":258,"column":46}},"loc":{"start":{"line":258,"column":46},"end":{"line":258,"column":61}},"line":258},"36":{"name":"(anonymous_36)","decl":{"start":{"line":266,"column":42},"end":{"line":266,"column":49}},"loc":{"start":{"line":266,"column":49},"end":{"line":274,"column":3}},"line":266},"37":{"name":"(anonymous_37)","decl":{"start":{"line":278,"column":12},"end":{"line":278,"column":17}},"loc":{"start":{"line":278,"column":17},"end":{"line":278,"column":64}},"line":278},"38":{"name":"(anonymous_38)","decl":{"start":{"line":279,"column":9},"end":{"line":279,"column":15}},"loc":{"start":{"line":279,"column":15},"end":{"line":279,"column":72}},"line":279},"39":{"name":"(anonymous_39)","decl":{"start":{"line":284,"column":11},"end":{"line":284,"column":12}},"loc":{"start":{"line":284,"column":26},"end":{"line":284,"column":69}},"line":284},"40":{"name":"(anonymous_40)","decl":{"start":{"line":284,"column":40},"end":{"line":284,"column":45}},"loc":{"start":{"line":284,"column":45},"end":{"line":284,"column":62}},"line":284},"41":{"name":"(anonymous_41)","decl":{"start":{"line":287,"column":68},"end":{"line":287,"column":74}},"loc":{"start":{"line":287,"column":74},"end":{"line":287,"column":null}},"line":287},"42":{"name":"(anonymous_42)","decl":{"start":{"line":289,"column":56},"end":{"line":289,"column":62}},"loc":{"start":{"line":289,"column":62},"end":{"line":289,"column":82}},"line":289},"43":{"name":"(anonymous_43)","decl":{"start":{"line":293,"column":25},"end":{"line":293,"column":31}},"loc":{"start":{"line":293,"column":31},"end":{"line":293,"column":null}},"line":293},"44":{"name":"(anonymous_44)","decl":{"start":{"line":309,"column":25},"end":{"line":309,"column":31}},"loc":{"start":{"line":309,"column":31},"end":{"line":309,"column":null}},"line":309},"45":{"name":"(anonymous_45)","decl":{"start":{"line":309,"column":45},"end":{"line":309,"column":50}},"loc":{"start":{"line":309,"column":50},"end":{"line":309,"column":52}},"line":309},"46":{"name":"(anonymous_46)","decl":{"start":{"line":313,"column":25},"end":{"line":313,"column":31}},"loc":{"start":{"line":313,"column":31},"end":{"line":313,"column":null}},"line":313},"47":{"name":"(anonymous_47)","decl":{"start":{"line":313,"column":46},"end":{"line":313,"column":51}},"loc":{"start":{"line":313,"column":51},"end":{"line":313,"column":53}},"line":313},"48":{"name":"(anonymous_48)","decl":{"start":{"line":324,"column":59},"end":{"line":324,"column":64}},"loc":{"start":{"line":324,"column":64},"end":{"line":324,"column":null}},"line":324},"49":{"name":"(anonymous_49)","decl":{"start":{"line":327,"column":45},"end":{"line":327,"column":51}},"loc":{"start":{"line":327,"column":51},"end":{"line":327,"column":71}},"line":327},"50":{"name":"(anonymous_50)","decl":{"start":{"line":329,"column":112},"end":{"line":329,"column":117}},"loc":{"start":{"line":329,"column":117},"end":{"line":329,"column":129}},"line":329},"51":{"name":"(anonymous_51)","decl":{"start":{"line":338,"column":27},"end":{"line":338,"column":33}},"loc":{"start":{"line":338,"column":33},"end":{"line":338,"column":58}},"line":338},"52":{"name":"(anonymous_52)","decl":{"start":{"line":368,"column":33},"end":{"line":368,"column":34}},"loc":{"start":{"line":369,"column":14},"end":{"line":378,"column":null}},"line":369},"53":{"name":"(anonymous_53)","decl":{"start":{"line":405,"column":27},"end":{"line":405,"column":33}},"loc":{"start":{"line":405,"column":33},"end":{"line":405,"column":null}},"line":405},"54":{"name":"(anonymous_54)","decl":{"start":{"line":415,"column":31},"end":{"line":415,"column":37}},"loc":{"start":{"line":415,"column":37},"end":{"line":415,"column":60}},"line":415},"55":{"name":"(anonymous_55)","decl":{"start":{"line":418,"column":30},"end":{"line":418,"column":31}},"loc":{"start":{"line":419,"column":16},"end":{"line":427,"column":null}},"line":419},"56":{"name":"(anonymous_56)","decl":{"start":{"line":419,"column":50},"end":{"line":419,"column":56}},"loc":{"start":{"line":419,"column":56},"end":{"line":419,"column":null}},"line":419},"57":{"name":"(anonymous_57)","decl":{"start":{"line":436,"column":18},"end":{"line":436,"column":19}},"loc":{"start":{"line":436,"column":29},"end":{"line":436,"column":null}},"line":436},"58":{"name":"(anonymous_58)","decl":{"start":{"line":437,"column":17},"end":{"line":437,"column":23}},"loc":{"start":{"line":437,"column":23},"end":{"line":437,"column":null}},"line":437},"59":{"name":"(anonymous_59)","decl":{"start":{"line":440,"column":56},"end":{"line":440,"column":62}},"loc":{"start":{"line":440,"column":62},"end":{"line":440,"column":80}},"line":440},"60":{"name":"(anonymous_60)","decl":{"start":{"line":445,"column":19},"end":{"line":445,"column":25}},"loc":{"start":{"line":445,"column":25},"end":{"line":445,"column":null}},"line":445},"61":{"name":"(anonymous_61)","decl":{"start":{"line":446,"column":20},"end":{"line":446,"column":21}},"loc":{"start":{"line":446,"column":30},"end":{"line":446,"column":null}},"line":446}},"branchMap":{"0":{"loc":{"start":{"line":33,"column":2},"end":{"line":33,"column":null}},"type":"if","locations":[{"start":{"line":33,"column":2},"end":{"line":33,"column":null}},{"start":{},"end":{}}],"line":33},"1":{"loc":{"start":{"line":41,"column":26},"end":{"line":41,"column":null}},"type":"cond-expr","locations":[{"start":{"line":41,"column":47},"end":{"line":41,"column":76}},{"start":{"line":41,"column":76},"end":{"line":41,"column":null}}],"line":41},"2":{"loc":{"start":{"line":48,"column":2},"end":{"line":50,"column":null}},"type":"if","locations":[{"start":{"line":48,"column":2},"end":{"line":50,"column":null}},{"start":{},"end":{}}],"line":48},"3":{"loc":{"start":{"line":48,"column":6},"end":{"line":48,"column":73}},"type":"binary-expr","locations":[{"start":{"line":48,"column":6},"end":{"line":48,"column":34}},{"start":{"line":48,"column":34},"end":{"line":48,"column":73}}],"line":48},"4":{"loc":{"start":{"line":54,"column":2},"end":{"line":56,"column":null}},"type":"if","locations":[{"start":{"line":54,"column":2},"end":{"line":56,"column":null}},{"start":{},"end":{}}],"line":54},"5":{"loc":{"start":{"line":54,"column":6},"end":{"line":54,"column":92}},"type":"binary-expr","locations":[{"start":{"line":54,"column":6},"end":{"line":54,"column":34}},{"start":{"line":54,"column":34},"end":{"line":54,"column":75}},{"start":{"line":54,"column":75},"end":{"line":54,"column":92}}],"line":54},"6":{"loc":{"start":{"line":92,"column":39},"end":{"line":92,"column":58}},"type":"binary-expr","locations":[{"start":{"line":92,"column":39},"end":{"line":92,"column":55}},{"start":{"line":92,"column":55},"end":{"line":92,"column":58}}],"line":92},"7":{"loc":{"start":{"line":92,"column":74},"end":{"line":92,"column":94}},"type":"binary-expr","locations":[{"start":{"line":92,"column":74},"end":{"line":92,"column":90}},{"start":{"line":92,"column":90},"end":{"line":92,"column":94}}],"line":92},"8":{"loc":{"start":{"line":94,"column":23},"end":{"line":94,"column":null}},"type":"binary-expr","locations":[{"start":{"line":94,"column":23},"end":{"line":94,"column":60}},{"start":{"line":94,"column":60},"end":{"line":94,"column":null}}],"line":94},"9":{"loc":{"start":{"line":94,"column":37},"end":{"line":94,"column":55}},"type":"binary-expr","locations":[{"start":{"line":94,"column":37},"end":{"line":94,"column":53}},{"start":{"line":94,"column":53},"end":{"line":94,"column":55}}],"line":94},"10":{"loc":{"start":{"line":95,"column":23},"end":{"line":95,"column":null}},"type":"binary-expr","locations":[{"start":{"line":95,"column":23},"end":{"line":95,"column":50}},{"start":{"line":95,"column":50},"end":{"line":95,"column":82}},{"start":{"line":95,"column":82},"end":{"line":95,"column":null}}],"line":95},"11":{"loc":{"start":{"line":96,"column":23},"end":{"line":96,"column":null}},"type":"cond-expr","locations":[{"start":{"line":96,"column":38},"end":{"line":96,"column":66}},{"start":{"line":96,"column":66},"end":{"line":96,"column":null}}],"line":96},"12":{"loc":{"start":{"line":104,"column":27},"end":{"line":104,"column":null}},"type":"cond-expr","locations":[{"start":{"line":104,"column":42},"end":{"line":104,"column":68}},{"start":{"line":104,"column":68},"end":{"line":104,"column":null}}],"line":104},"13":{"loc":{"start":{"line":109,"column":4},"end":{"line":112,"column":null}},"type":"if","locations":[{"start":{"line":109,"column":4},"end":{"line":112,"column":null}},{"start":{},"end":{}}],"line":109},"14":{"loc":{"start":{"line":111,"column":6},"end":{"line":111,"column":null}},"type":"if","locations":[{"start":{"line":111,"column":6},"end":{"line":111,"column":null}},{"start":{},"end":{}}],"line":111},"15":{"loc":{"start":{"line":118,"column":4},"end":{"line":118,"column":null}},"type":"if","locations":[{"start":{"line":118,"column":4},"end":{"line":118,"column":null}},{"start":{},"end":{}}],"line":118},"16":{"loc":{"start":{"line":122,"column":4},"end":{"line":138,"column":null}},"type":"if","locations":[{"start":{"line":122,"column":4},"end":{"line":138,"column":null}},{"start":{},"end":{}}],"line":122},"17":{"loc":{"start":{"line":124,"column":22},"end":{"line":124,"column":null}},"type":"cond-expr","locations":[{"start":{"line":124,"column":37},"end":{"line":124,"column":95}},{"start":{"line":124,"column":95},"end":{"line":124,"column":null}}],"line":124},"18":{"loc":{"start":{"line":125,"column":6},"end":{"line":137,"column":null}},"type":"if","locations":[{"start":{"line":125,"column":6},"end":{"line":137,"column":null}},{"start":{},"end":{}}],"line":125},"19":{"loc":{"start":{"line":125,"column":10},"end":{"line":125,"column":36}},"type":"binary-expr","locations":[{"start":{"line":125,"column":10},"end":{"line":125,"column":22}},{"start":{"line":125,"column":22},"end":{"line":125,"column":36}}],"line":125},"20":{"loc":{"start":{"line":139,"column":4},"end":{"line":142,"column":null}},"type":"if","locations":[{"start":{"line":139,"column":4},"end":{"line":142,"column":null}},{"start":{},"end":{}}],"line":139},"21":{"loc":{"start":{"line":152,"column":4},"end":{"line":152,"column":null}},"type":"if","locations":[{"start":{"line":152,"column":4},"end":{"line":152,"column":null}},{"start":{},"end":{}}],"line":152},"22":{"loc":{"start":{"line":154,"column":4},"end":{"line":159,"column":null}},"type":"if","locations":[{"start":{"line":154,"column":4},"end":{"line":159,"column":null}},{"start":{"line":157,"column":11},"end":{"line":159,"column":null}}],"line":154},"23":{"loc":{"start":{"line":162,"column":4},"end":{"line":168,"column":null}},"type":"if","locations":[{"start":{"line":162,"column":4},"end":{"line":168,"column":null}},{"start":{},"end":{}}],"line":162},"24":{"loc":{"start":{"line":162,"column":8},"end":{"line":162,"column":27}},"type":"binary-expr","locations":[{"start":{"line":162,"column":8},"end":{"line":162,"column":16}},{"start":{"line":162,"column":16},"end":{"line":162,"column":27}}],"line":162},"25":{"loc":{"start":{"line":164,"column":6},"end":{"line":167,"column":null}},"type":"if","locations":[{"start":{"line":164,"column":6},"end":{"line":167,"column":null}},{"start":{},"end":{}}],"line":164},"26":{"loc":{"start":{"line":164,"column":10},"end":{"line":164,"column":90}},"type":"binary-expr","locations":[{"start":{"line":164,"column":10},"end":{"line":164,"column":18}},{"start":{"line":164,"column":18},"end":{"line":164,"column":52}},{"start":{"line":164,"column":52},"end":{"line":164,"column":90}}],"line":164},"27":{"loc":{"start":{"line":176,"column":6},"end":{"line":180,"column":null}},"type":"if","locations":[{"start":{"line":176,"column":6},"end":{"line":180,"column":null}},{"start":{},"end":{}}],"line":176},"28":{"loc":{"start":{"line":176,"column":6},"end":{"line":176,"column":59}},"type":"binary-expr","locations":[{"start":{"line":176,"column":11},"end":{"line":176,"column":26}},{"start":{"line":176,"column":26},"end":{"line":176,"column":42}},{"start":{"line":176,"column":42},"end":{"line":176,"column":59}}],"line":176},"29":{"loc":{"start":{"line":179,"column":8},"end":{"line":179,"column":null}},"type":"if","locations":[{"start":{"line":179,"column":8},"end":{"line":179,"column":null}},{"start":{},"end":{}}],"line":179},"30":{"loc":{"start":{"line":182,"column":6},"end":{"line":187,"column":null}},"type":"if","locations":[{"start":{"line":182,"column":6},"end":{"line":187,"column":null}},{"start":{},"end":{}}],"line":182},"31":{"loc":{"start":{"line":189,"column":6},"end":{"line":192,"column":null}},"type":"if","locations":[{"start":{"line":189,"column":6},"end":{"line":192,"column":null}},{"start":{},"end":{}}],"line":189},"32":{"loc":{"start":{"line":189,"column":6},"end":{"line":189,"column":59}},"type":"binary-expr","locations":[{"start":{"line":189,"column":11},"end":{"line":189,"column":26}},{"start":{"line":189,"column":26},"end":{"line":189,"column":42}},{"start":{"line":189,"column":42},"end":{"line":189,"column":59}}],"line":189},"33":{"loc":{"start":{"line":201,"column":4},"end":{"line":201,"column":null}},"type":"if","locations":[{"start":{"line":201,"column":4},"end":{"line":201,"column":null}},{"start":{},"end":{}}],"line":201},"34":{"loc":{"start":{"line":204,"column":4},"end":{"line":204,"column":null}},"type":"if","locations":[{"start":{"line":204,"column":4},"end":{"line":204,"column":null}},{"start":{},"end":{}}],"line":204},"35":{"loc":{"start":{"line":213,"column":73},"end":{"line":213,"column":95}},"type":"default-arg","locations":[{"start":{"line":213,"column":86},"end":{"line":213,"column":95}}],"line":213},"36":{"loc":{"start":{"line":214,"column":4},"end":{"line":214,"column":null}},"type":"if","locations":[{"start":{"line":214,"column":4},"end":{"line":214,"column":null}},{"start":{},"end":{}}],"line":214},"37":{"loc":{"start":{"line":214,"column":8},"end":{"line":214,"column":32}},"type":"binary-expr","locations":[{"start":{"line":214,"column":8},"end":{"line":214,"column":17}},{"start":{"line":214,"column":17},"end":{"line":214,"column":32}}],"line":214},"38":{"loc":{"start":{"line":215,"column":4},"end":{"line":215,"column":null}},"type":"if","locations":[{"start":{"line":215,"column":4},"end":{"line":215,"column":null}},{"start":{},"end":{}}],"line":215},"39":{"loc":{"start":{"line":215,"column":8},"end":{"line":215,"column":59}},"type":"binary-expr","locations":[{"start":{"line":215,"column":8},"end":{"line":215,"column":35}},{"start":{"line":215,"column":35},"end":{"line":215,"column":59}}],"line":215},"40":{"loc":{"start":{"line":222,"column":12},"end":{"line":222,"column":null}},"type":"binary-expr","locations":[{"start":{"line":222,"column":12},"end":{"line":222,"column":20}},{"start":{"line":222,"column":20},"end":{"line":222,"column":null}}],"line":222},"41":{"loc":{"start":{"line":223,"column":17},"end":{"line":223,"column":null}},"type":"binary-expr","locations":[{"start":{"line":223,"column":17},"end":{"line":223,"column":29}},{"start":{"line":223,"column":29},"end":{"line":223,"column":null}}],"line":223},"42":{"loc":{"start":{"line":225,"column":15},"end":{"line":225,"column":null}},"type":"cond-expr","locations":[{"start":{"line":225,"column":23},"end":{"line":225,"column":220}},{"start":{"line":225,"column":220},"end":{"line":225,"column":null}}],"line":225},"43":{"loc":{"start":{"line":225,"column":104},"end":{"line":225,"column":131}},"type":"binary-expr","locations":[{"start":{"line":225,"column":104},"end":{"line":225,"column":127}},{"start":{"line":225,"column":127},"end":{"line":225,"column":131}}],"line":225},"44":{"loc":{"start":{"line":225,"column":148},"end":{"line":225,"column":177}},"type":"binary-expr","locations":[{"start":{"line":225,"column":148},"end":{"line":225,"column":173}},{"start":{"line":225,"column":173},"end":{"line":225,"column":177}}],"line":225},"45":{"loc":{"start":{"line":225,"column":191},"end":{"line":225,"column":216}},"type":"binary-expr","locations":[{"start":{"line":225,"column":191},"end":{"line":225,"column":213}},{"start":{"line":225,"column":213},"end":{"line":225,"column":216}}],"line":225},"46":{"loc":{"start":{"line":232,"column":4},"end":{"line":232,"column":null}},"type":"if","locations":[{"start":{"line":232,"column":4},"end":{"line":232,"column":null}},{"start":{},"end":{}}],"line":232},"47":{"loc":{"start":{"line":236,"column":4},"end":{"line":248,"column":null}},"type":"if","locations":[{"start":{"line":236,"column":4},"end":{"line":248,"column":null}},{"start":{"line":246,"column":4},"end":{"line":248,"column":null}}],"line":236},"48":{"loc":{"start":{"line":237,"column":19},"end":{"line":237,"column":null}},"type":"cond-expr","locations":[{"start":{"line":237,"column":34},"end":{"line":237,"column":62}},{"start":{"line":237,"column":62},"end":{"line":237,"column":null}}],"line":237},"49":{"loc":{"start":{"line":239,"column":6},"end":{"line":239,"column":null}},"type":"if","locations":[{"start":{"line":239,"column":6},"end":{"line":239,"column":null}},{"start":{},"end":{}}],"line":239},"50":{"loc":{"start":{"line":239,"column":10},"end":{"line":239,"column":25}},"type":"binary-expr","locations":[{"start":{"line":239,"column":10},"end":{"line":239,"column":18}},{"start":{"line":239,"column":18},"end":{"line":239,"column":25}}],"line":239},"51":{"loc":{"start":{"line":240,"column":30},"end":{"line":240,"column":51}},"type":"binary-expr","locations":[{"start":{"line":240,"column":30},"end":{"line":240,"column":47}},{"start":{"line":240,"column":47},"end":{"line":240,"column":51}}],"line":240},"52":{"loc":{"start":{"line":241,"column":25},"end":{"line":241,"column":48}},"type":"binary-expr","locations":[{"start":{"line":241,"column":25},"end":{"line":241,"column":45}},{"start":{"line":241,"column":45},"end":{"line":241,"column":48}}],"line":241},"53":{"loc":{"start":{"line":243,"column":6},"end":{"line":243,"column":null}},"type":"if","locations":[{"start":{"line":243,"column":6},"end":{"line":243,"column":null}},{"start":{"line":243,"column":47},"end":{"line":243,"column":null}}],"line":243},"54":{"loc":{"start":{"line":244,"column":6},"end":{"line":244,"column":null}},"type":"if","locations":[{"start":{"line":244,"column":6},"end":{"line":244,"column":null}},{"start":{"line":244,"column":60},"end":{"line":244,"column":null}}],"line":244},"55":{"loc":{"start":{"line":245,"column":6},"end":{"line":245,"column":null}},"type":"if","locations":[{"start":{"line":245,"column":6},"end":{"line":245,"column":null}},{"start":{},"end":{}}],"line":245},"56":{"loc":{"start":{"line":246,"column":4},"end":{"line":248,"column":null}},"type":"if","locations":[{"start":{"line":246,"column":4},"end":{"line":248,"column":null}},{"start":{},"end":{}}],"line":246},"57":{"loc":{"start":{"line":251,"column":61},"end":{"line":251,"column":115}},"type":"if","locations":[{"start":{"line":251,"column":61},"end":{"line":251,"column":115}},{"start":{},"end":{}}],"line":251},"58":{"loc":{"start":{"line":252,"column":61},"end":{"line":252,"column":112}},"type":"if","locations":[{"start":{"line":252,"column":61},"end":{"line":252,"column":112}},{"start":{},"end":{}}],"line":252},"59":{"loc":{"start":{"line":253,"column":60},"end":{"line":253,"column":107}},"type":"if","locations":[{"start":{"line":253,"column":60},"end":{"line":253,"column":107}},{"start":{},"end":{}}],"line":253},"60":{"loc":{"start":{"line":257,"column":4},"end":{"line":257,"column":null}},"type":"if","locations":[{"start":{"line":257,"column":4},"end":{"line":257,"column":null}},{"start":{},"end":{}}],"line":257},"61":{"loc":{"start":{"line":261,"column":2},"end":{"line":261,"column":null}},"type":"if","locations":[{"start":{"line":261,"column":2},"end":{"line":261,"column":null}},{"start":{},"end":{}}],"line":261},"62":{"loc":{"start":{"line":263,"column":17},"end":{"line":263,"column":null}},"type":"binary-expr","locations":[{"start":{"line":263,"column":17},"end":{"line":263,"column":25}},{"start":{"line":263,"column":25},"end":{"line":263,"column":null}}],"line":263},"63":{"loc":{"start":{"line":264,"column":17},"end":{"line":264,"column":null}},"type":"binary-expr","locations":[{"start":{"line":264,"column":17},"end":{"line":264,"column":25}},{"start":{"line":264,"column":25},"end":{"line":264,"column":null}}],"line":264},"64":{"loc":{"start":{"line":267,"column":4},"end":{"line":267,"column":null}},"type":"if","locations":[{"start":{"line":267,"column":4},"end":{"line":267,"column":null}},{"start":{},"end":{}}],"line":267},"65":{"loc":{"start":{"line":268,"column":4},"end":{"line":268,"column":null}},"type":"if","locations":[{"start":{"line":268,"column":4},"end":{"line":268,"column":null}},{"start":{},"end":{}}],"line":268},"66":{"loc":{"start":{"line":269,"column":4},"end":{"line":272,"column":null}},"type":"if","locations":[{"start":{"line":269,"column":4},"end":{"line":272,"column":null}},{"start":{},"end":{}}],"line":269},"67":{"loc":{"start":{"line":270,"column":13},"end":{"line":271,"column":null}},"type":"binary-expr","locations":[{"start":{"line":270,"column":13},"end":{"line":270,"column":null}},{"start":{"line":271,"column":13},"end":{"line":271,"column":null}}],"line":270},"68":{"loc":{"start":{"line":277,"column":37},"end":{"line":277,"column":51}},"type":"binary-expr","locations":[{"start":{"line":277,"column":37},"end":{"line":277,"column":49}},{"start":{"line":277,"column":49},"end":{"line":277,"column":51}}],"line":277},"69":{"loc":{"start":{"line":278,"column":17},"end":{"line":278,"column":64}},"type":"binary-expr","locations":[{"start":{"line":278,"column":17},"end":{"line":278,"column":43}},{"start":{"line":278,"column":43},"end":{"line":278,"column":64}}],"line":278},"70":{"loc":{"start":{"line":289,"column":7},"end":{"line":289,"column":null}},"type":"binary-expr","locations":[{"start":{"line":289,"column":7},"end":{"line":289,"column":20}},{"start":{"line":289,"column":20},"end":{"line":289,"column":null}}],"line":289},"71":{"loc":{"start":{"line":298,"column":11},"end":{"line":298,"column":null}},"type":"binary-expr","locations":[{"start":{"line":298,"column":11},"end":{"line":298,"column":27}},{"start":{"line":298,"column":27},"end":{"line":298,"column":221}},{"start":{"line":298,"column":221},"end":{"line":298,"column":null}}],"line":298},"72":{"loc":{"start":{"line":304,"column":13},"end":{"line":304,"column":null}},"type":"binary-expr","locations":[{"start":{"line":304,"column":13},"end":{"line":304,"column":27}},{"start":{"line":304,"column":27},"end":{"line":304,"column":null}}],"line":304},"73":{"loc":{"start":{"line":310,"column":66},"end":{"line":310,"column":187}},"type":"cond-expr","locations":[{"start":{"line":310,"column":79},"end":{"line":310,"column":128}},{"start":{"line":310,"column":128},"end":{"line":310,"column":187}}],"line":310},"74":{"loc":{"start":{"line":314,"column":66},"end":{"line":314,"column":188}},"type":"cond-expr","locations":[{"start":{"line":314,"column":80},"end":{"line":314,"column":129}},{"start":{"line":314,"column":129},"end":{"line":314,"column":188}}],"line":314},"75":{"loc":{"start":{"line":320,"column":7},"end":{"line":330,"column":null}},"type":"binary-expr","locations":[{"start":{"line":320,"column":7},"end":{"line":320,"column":null}},{"start":{"line":321,"column":8},"end":{"line":330,"column":null}}],"line":320},"76":{"loc":{"start":{"line":327,"column":13},"end":{"line":327,"column":null}},"type":"binary-expr","locations":[{"start":{"line":327,"column":13},"end":{"line":327,"column":28}},{"start":{"line":327,"column":28},"end":{"line":327,"column":null}}],"line":327},"77":{"loc":{"start":{"line":329,"column":11},"end":{"line":329,"column":null}},"type":"binary-expr","locations":[{"start":{"line":329,"column":11},"end":{"line":329,"column":26}},{"start":{"line":329,"column":26},"end":{"line":329,"column":null}}],"line":329},"78":{"loc":{"start":{"line":334,"column":7},"end":{"line":341,"column":null}},"type":"binary-expr","locations":[{"start":{"line":334,"column":7},"end":{"line":334,"column":20}},{"start":{"line":334,"column":20},"end":{"line":334,"column":null}},{"start":{"line":335,"column":8},"end":{"line":341,"column":null}}],"line":334},"79":{"loc":{"start":{"line":344,"column":7},"end":{"line":347,"column":null}},"type":"binary-expr","locations":[{"start":{"line":344,"column":7},"end":{"line":344,"column":null}},{"start":{"line":345,"column":8},"end":{"line":347,"column":null}}],"line":344},"80":{"loc":{"start":{"line":349,"column":7},"end":{"line":352,"column":null}},"type":"binary-expr","locations":[{"start":{"line":349,"column":7},"end":{"line":349,"column":16}},{"start":{"line":349,"column":16},"end":{"line":349,"column":null}},{"start":{"line":350,"column":8},"end":{"line":352,"column":null}}],"line":349},"81":{"loc":{"start":{"line":358,"column":11},"end":{"line":358,"column":null}},"type":"binary-expr","locations":[{"start":{"line":358,"column":11},"end":{"line":358,"column":23}},{"start":{"line":358,"column":23},"end":{"line":358,"column":null}}],"line":358},"82":{"loc":{"start":{"line":358,"column":44},"end":{"line":358,"column":64}},"type":"binary-expr","locations":[{"start":{"line":358,"column":44},"end":{"line":358,"column":60}},{"start":{"line":358,"column":60},"end":{"line":358,"column":64}}],"line":358},"83":{"loc":{"start":{"line":363,"column":13},"end":{"line":366,"column":null}},"type":"binary-expr","locations":[{"start":{"line":363,"column":13},"end":{"line":363,"column":null}},{"start":{"line":364,"column":14},"end":{"line":366,"column":null}}],"line":363},"84":{"loc":{"start":{"line":380,"column":13},"end":{"line":384,"column":null}},"type":"binary-expr","locations":[{"start":{"line":380,"column":13},"end":{"line":380,"column":28}},{"start":{"line":380,"column":28},"end":{"line":380,"column":null}},{"start":{"line":381,"column":14},"end":{"line":384,"column":null}}],"line":380},"85":{"loc":{"start":{"line":390,"column":11},"end":{"line":395,"column":null}},"type":"binary-expr","locations":[{"start":{"line":390,"column":11},"end":{"line":390,"column":null}},{"start":{"line":391,"column":12},"end":{"line":395,"column":null}}],"line":390},"86":{"loc":{"start":{"line":394,"column":15},"end":{"line":394,"column":null}},"type":"cond-expr","locations":[{"start":{"line":394,"column":31},"end":{"line":394,"column":83}},{"start":{"line":394,"column":83},"end":{"line":394,"column":null}}],"line":394},"87":{"loc":{"start":{"line":394,"column":54},"end":{"line":394,"column":78}},"type":"cond-expr","locations":[{"start":{"line":394,"column":70},"end":{"line":394,"column":76}},{"start":{"line":394,"column":76},"end":{"line":394,"column":78}}],"line":394},"88":{"loc":{"start":{"line":403,"column":22},"end":{"line":403,"column":null}},"type":"binary-expr","locations":[{"start":{"line":403,"column":22},"end":{"line":403,"column":32}},{"start":{"line":403,"column":32},"end":{"line":403,"column":41}},{"start":{"line":403,"column":41},"end":{"line":403,"column":null}}],"line":403},"89":{"loc":{"start":{"line":411,"column":9},"end":{"line":430,"column":null}},"type":"binary-expr","locations":[{"start":{"line":411,"column":9},"end":{"line":411,"column":null}},{"start":{"line":412,"column":10},"end":{"line":430,"column":null}}],"line":411},"90":{"loc":{"start":{"line":422,"column":22},"end":{"line":422,"column":385}},"type":"cond-expr","locations":[{"start":{"line":422,"column":39},"end":{"line":422,"column":89}},{"start":{"line":422,"column":89},"end":{"line":422,"column":385}}],"line":422},"91":{"loc":{"start":{"line":422,"column":89},"end":{"line":422,"column":385}},"type":"cond-expr","locations":[{"start":{"line":422,"column":106},"end":{"line":422,"column":159}},{"start":{"line":422,"column":159},"end":{"line":422,"column":385}}],"line":422},"92":{"loc":{"start":{"line":422,"column":159},"end":{"line":422,"column":385}},"type":"cond-expr","locations":[{"start":{"line":422,"column":176},"end":{"line":422,"column":217}},{"start":{"line":422,"column":217},"end":{"line":422,"column":385}}],"line":422},"93":{"loc":{"start":{"line":422,"column":217},"end":{"line":422,"column":385}},"type":"cond-expr","locations":[{"start":{"line":422,"column":234},"end":{"line":422,"column":278}},{"start":{"line":422,"column":278},"end":{"line":422,"column":385}}],"line":422},"94":{"loc":{"start":{"line":422,"column":278},"end":{"line":422,"column":385}},"type":"cond-expr","locations":[{"start":{"line":422,"column":295},"end":{"line":422,"column":342}},{"start":{"line":422,"column":342},"end":{"line":422,"column":385}}],"line":422},"95":{"loc":{"start":{"line":426,"column":20},"end":{"line":426,"column":null}},"type":"binary-expr","locations":[{"start":{"line":426,"column":20},"end":{"line":426,"column":42}},{"start":{"line":426,"column":42},"end":{"line":426,"column":null}}],"line":426},"96":{"loc":{"start":{"line":436,"column":31},"end":{"line":436,"column":128}},"type":"if","locations":[{"start":{"line":436,"column":31},"end":{"line":436,"column":128}},{"start":{},"end":{}}],"line":436},"97":{"loc":{"start":{"line":440,"column":7},"end":{"line":440,"column":null}},"type":"binary-expr","locations":[{"start":{"line":440,"column":7},"end":{"line":440,"column":18}},{"start":{"line":440,"column":18},"end":{"line":440,"column":null}}],"line":440},"98":{"loc":{"start":{"line":442,"column":7},"end":{"line":447,"column":null}},"type":"binary-expr","locations":[{"start":{"line":442,"column":7},"end":{"line":442,"column":null}},{"start":{"line":443,"column":8},"end":{"line":447,"column":null}}],"line":442}},"s":{"0":0,"1":0,"2":0,"3":0,"4":0,"5":0,"6":0,"7":0,"8":0,"9":5,"10":0,"11":0,"12":0,"13":10,"14":10,"15":10,"16":10,"17":10,"18":10,"19":10,"20":10,"21":10,"22":10,"23":10,"24":10,"25":10,"26":10,"27":10,"28":10,"29":10,"30":10,"31":10,"32":10,"33":10,"34":10,"35":10,"36":10,"37":120,"38":10,"39":120,"40":10,"41":10,"42":10,"43":10,"44":0,"45":10,"46":5,"47":10,"48":5,"49":10,"50":5,"51":5,"52":0,"53":0,"54":0,"55":0,"56":10,"57":5,"58":5,"59":0,"60":0,"61":0,"62":0,"63":0,"64":0,"65":0,"66":0,"67":0,"68":0,"69":0,"70":0,"71":0,"72":0,"73":0,"74":0,"75":0,"76":0,"77":0,"78":10,"79":5,"80":5,"81":5,"82":5,"83":5,"84":0,"85":0,"86":0,"87":0,"88":0,"89":0,"90":0,"91":0,"92":0,"93":0,"94":10,"95":5,"96":0,"97":0,"98":0,"99":0,"100":0,"101":0,"102":0,"103":0,"104":0,"105":0,"106":0,"107":0,"108":0,"109":0,"110":0,"111":0,"112":5,"113":5,"114":5,"115":10,"116":0,"117":0,"118":0,"119":0,"120":0,"121":0,"122":0,"123":10,"124":0,"125":0,"126":0,"127":10,"128":0,"129":0,"130":0,"131":0,"132":0,"133":0,"134":0,"135":0,"136":0,"137":0,"138":0,"139":10,"140":0,"141":0,"142":0,"143":0,"144":0,"145":0,"146":0,"147":0,"148":0,"149":0,"150":0,"151":0,"152":0,"153":0,"154":0,"155":0,"156":0,"157":0,"158":0,"159":10,"160":0,"161":0,"162":10,"163":0,"164":0,"165":10,"166":0,"167":0,"168":10,"169":0,"170":10,"171":0,"172":0,"173":0,"174":0,"175":10,"176":10,"177":0,"178":10,"179":10,"180":0,"181":0,"182":0,"183":0,"184":0,"185":0,"186":0,"187":10,"188":0,"189":0,"190":10,"191":0,"192":0,"193":10,"194":0,"195":0,"196":0,"197":0,"198":0,"199":0,"200":0,"201":0,"202":0,"203":0,"204":0,"205":0,"206":0,"207":0,"208":0,"209":0,"210":0,"211":0,"212":0,"213":0,"214":0,"215":0,"216":0,"217":0},"f":{"0":0,"1":0,"2":0,"3":0,"4":0,"5":5,"6":0,"7":10,"8":120,"9":120,"10":0,"11":5,"12":5,"13":5,"14":0,"15":5,"16":0,"17":0,"18":5,"19":0,"20":5,"21":0,"22":0,"23":0,"24":5,"25":0,"26":0,"27":0,"28":0,"29":0,"30":0,"31":0,"32":0,"33":0,"34":0,"35":0,"36":0,"37":0,"38":0,"39":0,"40":0,"41":0,"42":0,"43":0,"44":0,"45":0,"46":0,"47":0,"48":0,"49":0,"50":0,"51":0,"52":0,"53":0,"54":0,"55":0,"56":0,"57":0,"58":0,"59":0,"60":0,"61":0},"b":{"0":[0,0],"1":[0,0],"2":[0,5],"3":[5,0],"4":[0,0],"5":[0,0,0],"6":[10,0],"7":[120,0],"8":[10,10],"9":[10,10],"10":[10,10,10],"11":[0,10],"12":[0,5],"13":[0,5],"14":[0,0],"15":[5,0],"16":[0,0],"17":[0,0],"18":[0,0],"19":[0,0],"20":[0,0],"21":[5,0],"22":[0,0],"23":[0,0],"24":[0,0],"25":[0,0],"26":[0,0,0],"27":[0,0],"28":[0,0,0],"29":[0,0],"30":[0,0],"31":[0,0],"32":[0,0,0],"33":[0,0],"34":[0,0],"35":[0],"36":[0,0],"37":[0,0],"38":[0,0],"39":[0,0],"40":[0,0],"41":[0,0],"42":[0,0],"43":[0,0],"44":[0,0],"45":[0,0],"46":[0,0],"47":[0,0],"48":[0,0],"49":[0,0],"50":[0,0],"51":[0,0],"52":[0,0],"53":[0,0],"54":[0,0],"55":[0,0],"56":[0,0],"57":[0,0],"58":[0,0],"59":[0,0],"60":[0,0],"61":[10,0],"62":[0,0],"63":[10,0],"64":[0,0],"65":[0,0],"66":[0,0],"67":[0,0],"68":[10,0],"69":[0,0],"70":[10,0],"71":[10,0,0],"72":[10,0],"73":[0,0],"74":[0,0],"75":[10,0],"76":[0,0],"77":[0,0],"78":[10,0,0],"79":[10,0],"80":[10,0,0],"81":[10,0],"82":[0,0],"83":[10,0],"84":[10,0,0],"85":[10,0],"86":[0,0],"87":[0,0],"88":[10,0,0],"89":[10,0],"90":[0,0],"91":[0,0],"92":[0,0],"93":[0,0],"94":[0,0],"95":[0,0],"96":[0,0],"97":[10,0],"98":[10,0]},"meta":{"lastBranch":99,"lastFunction":62,"lastStatement":218,"seen":{"f:17:9:17:19":0,"s:18:2:18:Infinity":0,"f:18:12:18:18":1,"s:18:30:18:56":1,"s:18:56:18:86":2,"f:18:63:18:69":2,"s:18:69:18:86":3,"s:19:2:24:Infinity":4,"f:32:9:32:25":3,"b:33:2:33:Infinity:undefined:undefined:undefined:undefined":0,"s:33:2:33:Infinity":5,"s:33:21:33:Infinity":6,"s:34:2:42:Infinity":7,"f:37:21:37:Infinity":4,"s:38:10:38:Infinity":8,"b:41:47:41:76:41:76:41:Infinity":1,"f:47:9:47:33":5,"b:48:2:50:Infinity:undefined:undefined:undefined:undefined":2,"s:48:2:50:Infinity":9,"b:48:6:48:34:48:34:48:73":3,"s:49:4:49:Infinity":10,"f:53:9:53:18":6,"b:54:2:56:Infinity:undefined:undefined:undefined:undefined":4,"s:54:2:56:Infinity":11,"b:54:6:54:34:54:34:54:75:54:75:54:92":5,"s:55:4:55:Infinity":12,"f:65:24:65:33":7,"s:66:25:66:Infinity":13,"s:67:68:67:Infinity":14,"s:68:26:68:Infinity":15,"s:69:47:69:Infinity":16,"s:70:77:70:Infinity":17,"s:71:26:71:Infinity":18,"s:73:8:73:Infinity":19,"s:74:8:74:Infinity":20,"s:75:8:75:Infinity":21,"s:76:8:76:Infinity":22,"s:77:8:77:Infinity":23,"s:78:8:78:Infinity":24,"s:80:42:80:Infinity":25,"s:81:28:81:Infinity":26,"s:82:34:82:Infinity":27,"s:83:36:83:Infinity":28,"s:84:36:84:Infinity":29,"s:85:32:85:Infinity":30,"s:86:26:86:Infinity":31,"s:87:36:87:Infinity":32,"s:88:28:88:Infinity":33,"s:89:34:89:Infinity":34,"s:90:32:90:Infinity":35,"s:92:23:92:Infinity":36,"b:92:39:92:55:92:55:92:58":6,"f:92:67:92:72":8,"s:92:72:92:108":37,"b:92:74:92:90:92:90:92:94":7,"s:93:23:93:Infinity":38,"f:93:38:93:43":9,"s:93:43:93:64":39,"s:94:23:94:Infinity":40,"b:94:23:94:60:94:60:94:Infinity":8,"b:94:37:94:53:94:53:94:55":9,"s:95:23:95:Infinity":41,"b:95:23:95:50:95:50:95:82:95:82:95:Infinity":10,"s:96:23:96:Infinity":42,"b:96:38:96:66:96:66:96:Infinity":11,"s:97:23:97:Infinity":43,"f:97:37:97:42":10,"s:97:42:97:50":44,"s:100:2:100:Infinity":45,"f:100:12:100:18":11,"s:100:20:100:45":46,"s:103:2:105:Infinity":47,"f:103:12:103:18":12,"s:104:4:104:Infinity":48,"b:104:42:104:68:104:68:104:Infinity":12,"s:107:2:114:Infinity":49,"f:107:12:107:18":13,"s:108:17:108:Infinity":50,"b:109:4:112:Infinity:undefined:undefined:undefined:undefined":13,"s:109:4:112:Infinity":51,"s:110:17:110:Infinity":52,"b:111:6:111:Infinity:undefined:undefined:undefined:undefined":14,"s:111:6:111:Infinity":53,"f:111:22:111:27":14,"s:111:27:111:38":54,"s:111:41:111:Infinity":55,"s:117:2:145:Infinity":56,"f:117:12:117:18":15,"b:118:4:118:Infinity:undefined:undefined:undefined:undefined":15,"s:118:4:118:Infinity":57,"s:118:16:118:Infinity":58,"s:119:4:119:24":59,"s:119:24:119:46":60,"s:119:46:119:Infinity":61,"s:120:4:120:22":62,"s:120:22:120:39":63,"s:120:39:120:Infinity":64,"s:121:4:121:Infinity":65,"b:122:4:138:Infinity:undefined:undefined:undefined:undefined":16,"s:122:4:138:Infinity":66,"s:123:24:123:Infinity":67,"s:124:22:124:Infinity":68,"b:124:37:124:95:124:95:124:Infinity":17,"f:124:68:124:73":16,"s:124:73:124:91":69,"b:125:6:137:Infinity:undefined:undefined:undefined:undefined":18,"s:125:6:137:Infinity":70,"b:125:10:125:22:125:22:125:36":19,"s:126:8:136:Infinity":71,"b:139:4:142:Infinity:undefined:undefined:undefined:undefined":20,"s:139:4:142:Infinity":72,"s:140:6:140:Infinity":73,"s:141:6:141:Infinity":74,"s:143:4:143:Infinity":75,"f:143:11:143:17":17,"s:143:19:143:62":76,"s:143:62:143:88":77,"s:148:2:169:Infinity":78,"f:148:12:148:18":18,"s:149:21:149:Infinity":79,"s:150:21:150:Infinity":80,"s:151:4:151:Infinity":81,"b:152:4:152:Infinity:undefined:undefined:undefined:undefined":21,"s:152:4:152:Infinity":82,"s:152:20:152:Infinity":83,"b:154:4:159:Infinity:157:11:159:Infinity":22,"s:154:4:159:Infinity":84,"s:155:6:155:Infinity":85,"s:156:6:156:Infinity":86,"s:158:6:158:Infinity":87,"f:158:19:158:27":19,"s:158:27:158:39":88,"b:162:4:168:Infinity:undefined:undefined:undefined:undefined":23,"s:162:4:168:Infinity":89,"b:162:8:162:16:162:16:162:27":24,"s:163:19:163:Infinity":90,"b:164:6:167:Infinity:undefined:undefined:undefined:undefined":25,"s:164:6:167:Infinity":91,"b:164:10:164:18:164:18:164:52:164:52:164:90":26,"s:165:8:165:Infinity":92,"s:166:8:166:Infinity":93,"s:172:2:196:Infinity":94,"f:172:12:172:18":20,"s:173:26:193:Infinity":95,"f:173:26:173:27":21,"s:174:18:174:Infinity":96,"b:176:6:180:Infinity:undefined:undefined:undefined:undefined":27,"s:176:6:180:Infinity":97,"b:176:11:176:26:176:26:176:42:176:42:176:59":28,"s:177:8:177:Infinity":98,"s:178:8:178:Infinity":99,"f:178:22:178:27":22,"s:178:27:178:29":100,"b:179:8:179:Infinity:undefined:undefined:undefined:undefined":29,"s:179:8:179:Infinity":101,"s:179:25:179:Infinity":102,"f:179:36:179:43":23,"s:179:43:179:133":103,"b:182:6:187:Infinity:undefined:undefined:undefined:undefined":30,"s:182:6:187:Infinity":104,"s:183:8:183:Infinity":105,"s:184:8:184:Infinity":106,"s:185:8:185:Infinity":107,"s:186:8:186:Infinity":108,"b:189:6:192:Infinity:undefined:undefined:undefined:undefined":31,"s:189:6:192:Infinity":109,"b:189:11:189:26:189:26:189:42:189:42:189:59":32,"s:190:8:190:Infinity":110,"s:191:8:191:Infinity":111,"s:194:4:194:Infinity":112,"s:195:4:195:Infinity":113,"f:195:11:195:17":24,"s:195:17:195:Infinity":114,"s:199:8:205:Infinity":115,"f:199:35:199:41":25,"s:200:15:200:Infinity":116,"b:201:4:201:Infinity:undefined:undefined:undefined:undefined":33,"s:201:4:201:Infinity":117,"s:201:13:201:Infinity":118,"s:202:21:202:Infinity":119,"s:203:4:203:Infinity":120,"b:204:4:204:Infinity:undefined:undefined:undefined:undefined":34,"s:204:4:204:Infinity":121,"s:204:18:204:Infinity":122,"s:207:25:211:Infinity":123,"f:207:25:207:31":26,"s:208:4:208:Infinity":124,"s:209:4:209:Infinity":125,"s:210:4:210:Infinity":126,"s:213:8:233:Infinity":127,"f:213:33:213:34":27,"b:213:86:213:95":35,"b:214:4:214:Infinity:undefined:undefined:undefined:undefined":36,"s:214:4:214:Infinity":128,"b:214:8:214:17:214:17:214:32":37,"s:214:32:214:Infinity":129,"b:215:4:215:Infinity:undefined:undefined:undefined:undefined":38,"s:215:4:215:Infinity":130,"b:215:8:215:35:215:35:215:59":39,"s:215:59:215:Infinity":131,"s:216:19:227:Infinity":132,"b:222:12:222:20:222:20:222:Infinity":40,"b:223:17:223:29:223:29:223:Infinity":41,"b:225:23:225:220:225:220:225:Infinity":42,"b:225:104:225:127:225:127:225:131":43,"b:225:148:225:173:225:173:225:177":44,"b:225:191:225:213:225:213:225:216":45,"s:228:4:228:Infinity":133,"s:229:4:229:Infinity":134,"s:230:4:230:Infinity":135,"s:231:21:231:Infinity":136,"b:232:4:232:Infinity:undefined:undefined:undefined:undefined":46,"s:232:4:232:Infinity":137,"s:232:18:232:Infinity":138,"s:235:8:249:Infinity":139,"f:235:34:235:35":28,"b:236:4:248:Infinity:246:4:248:Infinity":47,"s:236:4:248:Infinity":140,"s:237:19:237:Infinity":141,"b:237:34:237:62:237:62:237:Infinity":48,"s:238:19:238:Infinity":142,"f:238:29:238:34":29,"s:238:34:238:48":143,"b:239:6:239:Infinity:undefined:undefined:undefined:undefined":49,"s:239:6:239:Infinity":144,"b:239:10:239:18:239:18:239:25":50,"s:239:25:239:Infinity":145,"s:240:24:240:Infinity":146,"b:240:30:240:47:240:47:240:51":51,"s:241:20:241:Infinity":147,"b:241:25:241:45:241:45:241:48":52,"s:242:18:242:Infinity":148,"b:243:6:243:Infinity:243:47:243:Infinity":53,"s:243:6:243:Infinity":149,"s:243:20:243:47":150,"s:243:47:243:Infinity":151,"b:244:6:244:Infinity:244:60:244:Infinity":54,"s:244:6:244:Infinity":152,"s:244:30:244:60":153,"s:244:60:244:Infinity":154,"b:245:6:245:Infinity:undefined:undefined:undefined:undefined":55,"s:245:6:245:Infinity":155,"s:245:24:245:Infinity":156,"b:246:4:248:Infinity:undefined:undefined:undefined:undefined":56,"s:246:4:248:Infinity":157,"s:247:6:247:Infinity":158,"s:251:8:251:Infinity":159,"f:251:40:251:41":30,"b:251:61:251:115:undefined:undefined:undefined:undefined":57,"s:251:61:251:115":160,"s:251:79:251:115":161,"s:252:8:252:Infinity":162,"f:252:40:252:41":31,"b:252:61:252:112:undefined:undefined:undefined:undefined":58,"s:252:61:252:112":163,"s:252:79:252:112":164,"s:253:8:253:Infinity":165,"f:253:40:253:41":32,"b:253:60:253:107:undefined:undefined:undefined:undefined":59,"s:253:60:253:107":166,"s:253:85:253:107":167,"s:254:8:254:Infinity":168,"f:254:40:254:41":33,"s:254:54:254:71":169,"s:256:23:259:Infinity":170,"f:256:23:256:29":34,"b:257:4:257:Infinity:undefined:undefined:undefined:undefined":60,"s:257:4:257:Infinity":171,"s:257:32:257:Infinity":172,"s:258:4:258:Infinity":173,"f:258:40:258:46":35,"s:258:46:258:61":174,"b:261:2:261:Infinity:undefined:undefined:undefined:undefined":61,"s:261:2:261:Infinity":175,"s:261:14:261:Infinity":176,"s:263:17:263:Infinity":177,"b:263:17:263:25:263:25:263:Infinity":62,"s:264:17:264:Infinity":178,"b:264:17:264:25:264:25:264:Infinity":63,"s:266:26:274:Infinity":179,"f:266:42:266:49":36,"b:267:4:267:Infinity:undefined:undefined:undefined:undefined":64,"s:267:4:267:Infinity":180,"s:267:23:267:Infinity":181,"b:268:4:268:Infinity:undefined:undefined:undefined:undefined":65,"s:268:4:268:Infinity":182,"s:268:36:268:Infinity":183,"b:269:4:272:Infinity:undefined:undefined:undefined:undefined":66,"s:269:4:272:Infinity":184,"s:270:6:271:Infinity":185,"b:270:13:270:Infinity:271:13:271:Infinity":67,"s:273:4:273:Infinity":186,"s:277:23:279:Infinity":187,"b:277:37:277:49:277:49:277:51":68,"f:278:12:278:17":37,"s:278:17:278:64":188,"b:278:17:278:43:278:43:278:64":69,"f:279:9:279:15":38,"s:279:15:279:72":189,"s:281:21:284:Infinity":190,"f:284:11:284:12":39,"s:284:26:284:69":191,"f:284:40:284:45":40,"s:284:45:284:62":192,"s:286:2:449:Infinity":193,"f:287:68:287:74":41,"s:287:74:287:Infinity":194,"b:289:7:289:20:289:20:289:Infinity":70,"f:289:56:289:62":42,"s:289:62:289:82":195,"f:293:25:293:31":43,"s:293:31:293:Infinity":196,"b:298:11:298:27:298:27:298:221:298:221:298:Infinity":71,"b:304:13:304:27:304:27:304:Infinity":72,"f:309:25:309:31":44,"s:309:31:309:Infinity":197,"f:309:45:309:50":45,"s:309:50:309:52":198,"b:310:79:310:128:310:128:310:187":73,"f:313:25:313:31":46,"s:313:31:313:Infinity":199,"f:313:46:313:51":47,"s:313:51:313:53":200,"b:314:80:314:129:314:129:314:188":74,"b:320:7:320:Infinity:321:8:330:Infinity":75,"f:324:59:324:64":48,"s:324:64:324:Infinity":201,"b:327:13:327:28:327:28:327:Infinity":76,"f:327:45:327:51":49,"s:327:51:327:71":202,"b:329:11:329:26:329:26:329:Infinity":77,"f:329:112:329:117":50,"s:329:117:329:129":203,"b:334:7:334:20:334:20:334:Infinity:335:8:341:Infinity":78,"f:338:27:338:33":51,"s:338:33:338:58":204,"b:344:7:344:Infinity:345:8:347:Infinity":79,"b:349:7:349:16:349:16:349:Infinity:350:8:352:Infinity":80,"b:358:11:358:23:358:23:358:Infinity":81,"b:358:44:358:60:358:60:358:64":82,"b:363:13:363:Infinity:364:14:366:Infinity":83,"f:368:33:368:34":52,"s:369:14:378:Infinity":205,"b:380:13:380:28:380:28:380:Infinity:381:14:384:Infinity":84,"b:390:11:390:Infinity:391:12:395:Infinity":85,"b:394:31:394:83:394:83:394:Infinity":86,"b:394:70:394:76:394:76:394:78":87,"b:403:22:403:32:403:32:403:41:403:41:403:Infinity":88,"f:405:27:405:33":53,"s:405:33:405:Infinity":206,"b:411:9:411:Infinity:412:10:430:Infinity":89,"f:415:31:415:37":54,"s:415:37:415:60":207,"f:418:30:418:31":55,"s:419:16:427:Infinity":208,"f:419:50:419:56":56,"s:419:56:419:Infinity":209,"b:422:39:422:89:422:89:422:385":90,"b:422:106:422:159:422:159:422:385":91,"b:422:176:422:217:422:217:422:385":92,"b:422:234:422:278:422:278:422:385":93,"b:422:295:422:342:422:342:422:385":94,"b:426:20:426:42:426:42:426:Infinity":95,"f:436:18:436:19":57,"b:436:31:436:128:undefined:undefined:undefined:undefined":96,"s:436:31:436:128":210,"s:436:53:436:101":211,"s:436:101:436:126":212,"f:437:17:437:23":58,"s:437:23:437:Infinity":213,"b:440:7:440:18:440:18:440:Infinity":97,"f:440:56:440:62":59,"s:440:62:440:80":214,"b:442:7:442:Infinity:443:8:447:Infinity":98,"f:445:19:445:25":60,"s:445:25:445:Infinity":215,"f:446:20:446:21":61,"s:446:32:446:54":216,"s:446:54:446:72":217},"fnNames":{}}}
[...]
},"end":{"line":74,"column":null}},"41":{"start":{"line":75,"column":20},"end":{"line":75,"column":null}},"42":{"start":{"line":76,"column":8},"end":{"line":76,"column":null}},"43":{"start":{"line":79,"column":2},"end":{"line":92,"column":null}},"44":{"start":{"line":80,"column":4},"end":{"line":91,"column":null}},"45":{"start":{"line":81,"column":12},"end":{"line":81,"column":null}},"46":{"start":{"line":82,"column":25},"end":{"line":82,"column":null}},"47":{"start":{"line":83,"column":6},"end":{"line":90,"column":null}},"48":{"start":{"line":85,"column":8},"end":{"line":85,"column":null}},"49":{"start":{"line":86,"column":8},"end":{"line":86,"column":null}},"50":{"start":{"line":88,"column":22},"end":{"line":88,"column":null}},"51":{"start":{"line":89,"column":8},"end":{"line":89,"column":null}},"52":{"start":{"line":89,"column":19},"end":{"line":89,"column":null}},"53":{"start":{"line":95,"column":2},"end":{"line":105,"column":null}},"54":{"start":{"line":96,"column":4},"end":{"line":96,"column":null}},"55":{"start":{"line":96,"column":26},"end":{"line":96,"column":null}},"56":{"start":{"line":97,"column":4},"end":{"line":101,"column":null}},"57":{"start":{"line":98,"column":6},"end":{"line":100,"column":null}},"58":{"start":{"line":99,"column":8},"end":{"line":99,"column":null}},"59":{"start":{"line":102,"column":4},"end":{"line":104,"column":null}},"60":{"start":{"line":103,"column":6},"end":{"line":103,"column":null}},"61":{"start":{"line":103,"column":28},"end":{"line":103,"column":null}},"62":{"start":{"line":107,"column":8},"end":{"line":131,"column":null}},"63":{"start":{"line":108,"column":16},"end":{"line":108,"column":null}},"64":{"start":{"line":109,"column":4},"end":{"line":109,"column":null}},"65":{"start":{"line":109,"column":50},"end":{"line":109,"column":null}},"66":{"start":{"line":110,"column":4},"end":{"line":110,"column":null}},"67":{"start":{"line":112,"column":4},"end":{"line":112,"column":null}},"68":{"start":{"line":112,"column":15},"end":{"line":112,"column":null}},"69":{"start":{"line":114,"column":33},"end":{"line":114,"column":null}},"70":{"start":{"line":115,"column":17},"end":{"line":115,"column":null}},"71":{"start":{"line":116,"column":10},"end":{"line":116,"column":null}},"72":{"start":{"line":117,"column":17},"end":{"line":117,"column":null}},"73":{"start":{"line":119,"column":4},"end":{"line":119,"column":null}},"74":{"start":{"line":119,"column":40},"end":{"line":119,"column":null}},"75":{"start":{"line":121,"column":4},"end":{"line":125,"column":null}},"76":{"start":{"line":122,"column":6},"end":{"line":122,"column":null}},"77":{"start":{"line":123,"column":6},"end":{"line":123,"column":null}},"78":{"start":{"line":124,"column":6},"end":{"line":124,"column":null}},"79":{"start":{"line":127,"column":4},"end":{"line":127,"column":null}},"80":{"start":{"line":128,"column":4},"end":{"line":128,"column":null}},"81":{"start":{"line":128,"column":23},"end":{"line":128,"column":73}},"82":{"start":{"line":130,"column":4},"end":{"line":130,"column":null}},"83":{"start":{"line":133,"column":8},"end":{"line":139,"column":null}},"84":{"start":{"line":134,"column":4},"end":{"line":134,"column":null}},"85":{"start":{"line":134,"column":12},"end":{"line":134,"column":null}},"86":{"start":{"line":135,"column":16},"end":{"line":135,"column":null}},"87":{"start":{"line":136,"column":17},"end":{"line":136,"column":null}},"88":{"start":{"line":137,"column":17},"end":{"line":137,"column":null}},"89":{"start":{"line":138,"column":4},"end":{"line":138,"column":null}},"90":{"start":{"line":141,"column":31},"end":{"line":145,"column":null}},"91":{"start":{"line":147,"column":2},"end":{"line":150,"column":null}},"92":{"start":{"line":155,"column":8},"end":{"line":155,"column":null}},"93":{"start":{"line":156,"column":2},"end":{"line":156,"column":null}},"94":{"start":{"line":156,"column":16},"end":{"line":156,"column":null}},"95":{"start":{"line":157,"column":2},"end":{"line":157,"column":null}}},"fnMap":{"0":{"name":"xpForLevel","decl":{"start":{"line":30,"column":9},"end":{"line":30,"column":20}},"loc":{"start":{"line":30,"column":41},"end":{"line":30,"column":null}},"line":30},"1":{"name":"getAudioContext","decl":{"start":{"line":34,"column":9},"end":{"line":34,"column":48}},"loc":{"start":{"line":34,"column":48},"end":{"line":44,"column":null}},"line":34},"2":{"name":"createBeep","decl":{"start":{"line":46,"column":9},"end":{"line":46,"column":20}},"loc":{"start":{"line":46,"column":67},"end":{"line":60,"column":null}},"line":46},"3":{"name":"(anonymous_3)","decl":{"start":{"line":63,"column":12},"end":{"line":63,"column":18}},"loc":{"start":{"line":63,"column":18},"end":{"line":63,"column":null}},"line":63},"4":{"name":"(anonymous_4)","decl":{"start":{"line":64,"column":12},"end":{"line":64,"column":18}},"loc":{"start":{"line":64,"column":18},"end":{"line":64,"column":null}},"line":64},"5":{"name":"(anonymous_5)","decl":{"start":{"line":65,"column":12},"end":{"line":65,"column":18}},"loc":{"start":{"line":65,"column":18},"end":{"line":65,"column":null}},"line":65},"6":{"name":"(anonymous_6)","decl":{"start":{"line":65,"column":58},"end":{"line":65,"column":64}},"loc":{"start":{"line":65,"column":64},"end":{"line":65,"column":91}},"line":65},"7":{"name":"(anonymous_7)","decl":{"start":{"line":65,"column":108},"end":{"line":65,"column":114}},"loc":{"start":{"line":65,"column":114},"end":{"line":65,"column":142}},"line":65},"8":{"name":"(anonymous_8)","decl":{"start":{"line":66,"column":12},"end":{"line":66,"column":18}},"loc":{"start":{"line":66,"column":18},"end":{"line":66,"column":null}},"line":66},"9":{"name":"(anonymous_9)","decl":{"start":{"line":67,"column":12},"end":{"line":67,"column":18}},"loc":{"start":{"line":67,"column":18},"end":{"line":67,"column":null}},"line":67},"10":{"name":"XPProvider","decl":{"start":{"line":70,"column":16},"end":{"line":70,"column":27}},"loc":{"start":{"line":70,"column":66},"end":{"line":152,"column":null}},"line":70},"11":{"name":"(anonymous_11)","decl":{"start":{"line":79,"column":12},"end":{"line":79,"column":18}},"loc":{"start":{"line":79,"column":18},"end":{"line":92,"column":5}},"line":79},"12":{"name":"(anonymous_12)","decl":{"start":{"line":95,"column":12},"end":{"line":95,"column":18}},"loc":{"start":{"line":95,"column":18},"end":{"line":105,"column":5}},"line":95},"13":{"name":"(anonymous_13)","decl":{"start":{"line":97,"column":34},"end":{"line":97,"column":40}},"loc":{"start":{"line":97,"column":40},"end":{"line":101,"column":7}},"line":97},"14":{"name":"(anonymous_14)","decl":{"start":{"line":102,"column":11},"end":{"line":102,"column":17}},"loc":{"start":{"line":102,"column":17},"end":{"line":104,"column":null}},"line":102},"15":{"name":"(anonymous_15)","decl":{"start":{"line":107,"column":30},"end":{"line":107,"column":51}},"loc":{"start":{"line":107,"column":51},"end":{"line":131,"column":5}},"line":107},"16":{"name":"(anonymous_16)","decl":{"start":{"line":128,"column":17},"end":{"line":128,"column":23}},"loc":{"start":{"line":128,"column":23},"end":{"line":128,"column":73}},"line":128},"17":{"name":"(anonymous_17)","decl":{"start":{"line":133,"column":33},"end":{"line":133,"column":34}},"loc":{"start":{"line":133,"column":88},"end":{"line":139,"column":5}},"line":133},"18":{"name":"useXP","decl":{"start":{"line":154,"column":16},"end":{"line":154,"column":39}},"loc":{"start":{"line":154,"column":39},"end":{"line":158,"column":null}},"line":154}},"branchMap":{"0":{"loc":{"start":{"line":35,"column":2},"end":{"line":42,"column":null}},"type":"if","locations":[{"start":{"line":35,"column":2},"end":{"line":42,"column":null}},{"start":{},"end":{}}],"line":35},"1":{"loc":{"start":{"line":37,"column":34},"end":{"line":37,"column":93}},"type":"binary-expr","locations":[{"start":{"line":37,"column":34},"end":{"line":37,"column":58}},{"start":{"line":37,"column":58},"end":{"line":37,"column":93}}],"line":37},"2":{"loc":{"start":{"line":46,"column":20},"end":{"line":46,"column":32}},"type":"default-arg","locations":[{"start":{"line":46,"column":27},"end":{"line":46,"column":32}}],"line":46},"3":{"loc":{"start":{"line":46,"column":32},"end":{"line":46,"column":49}},"type":"default-arg","locations":[{"start":{"line":46,"column":43},"end":{"line":46,"column":49}}],"line":46},"4":{"loc":{"start":{"line":46,"column":49},"end":{"line":46,"column":67}},"type":"default-arg","locations":[{"start":{"line":46,"column":55},"end":{"line":46,"column":67}}],"line":46},"5":{"loc":{"start":{"line":49,"column":4},"end":{"line":49,"column":null}},"type":"if","locations":[{"start":{"line":49,"column":4},"end":{"line":49,"column":null}},{"start":{},"end":{}}],"line":49},"6":{"loc":{"start":{"line":83,"column":6},"end":{"line":90,"column":null}},"type":"if","locations":[{"start":{"line":83,"column":6},"end":{"line":90,"column":null}},{"start":{"line":87,"column":13},"end":{"line":90,"column":null}}],"line":83},"7":{"loc":{"start":{"line":89,"column":8},"end":{"line":89,"column":null}},"type":"if","locations":[{"start":{"line":89,"column":8},"end":{"line":89,"column":null}},{"start":{},"end":{}}],"line":89},"8":{"loc":{"start":{"line":96,"column":4},"end":{"line":96,"column":null}},"type":"if","locations":[{"start":{"line":96,"column":4},"end":{"line":96,"column":null}},{"start":{},"end":{}}],"line":96},"9":{"loc":{"start":{"line":103,"column":6},"end":{"line":103,"column":null}},"type":"if","locations":[{"start":{"line":103,"column":6},"end":{"line":103,"column":null}},{"start":{},"end":{}}],"line":103},"10":{"loc":{"start":{"line":109,"column":4},"end":{"line":109,"column":null}},"type":"if","locations":[{"start":{"line":109,"column":4},"end":{"line":109,"column":null}},{"start":{},"end":{}}],"line":109},"11":{"loc":{"start":{"line":112,"column":4},"end":{"line":112,"column":null}},"type":"if","locations":[{"start":{"line":112,"column":4},"end":{"line":112,"column":null}},{"start":{},"end":{}}],"line":112},"12":{"loc":{"start":{"line":115,"column":17},"end":{"line":115,"column":null}},"type":"cond-expr","locations":[{"start":{"line":115,"column":29},"end":{"line":115,"column":50}},{"start":{"line":115,"column":50},"end":{"line":115,"column":null}}],"line":115},"13":{"loc":{"start":{"line":116,"column":19},"end":{"line":116,"column":35}},"type":"binary-expr","locations":[{"start":{"line":116,"column":19},"end":{"line":116,"column":30}},{"start":{"line":116,"column":30},"end":{"line":116,"column":35}}],"line":116},"14":{"loc":{"start":{"line":117,"column":17},"end":{"line":117,"column":null}},"type":"binary-expr","locations":[{"start":{"line":117,"column":17},"end":{"line":117,"column":31}},{"start":{"line":117,"column":31},"end":{"line":117,"column":null}}],"line":117},"15":{"loc":{"start":{"line":121,"column":4},"end":{"line":125,"column":null}},"type":"if","locations":[{"start":{"line":121,"column":4},"end":{"line":125,"column":null}},{"start":{},"end":{}}],"line":121},"16":{"loc":{"start":{"line":121,"column":18},"end":{"line":121,"column":36}},"type":"binary-expr","locations":[{"start":{"line":121,"column":18},"end":{"line":121,"column":32}},{"start":{"line":121,"column":32},"end":{"line":121,"column":36}}],"line":121},"17":{"loc":{"start":{"line":128,"column":45},"end":{"line":128,"column":66}},"type":"binary-expr","locations":[{"start":{"line":128,"column":45},"end":{"line":128,"column":61}},{"start":{"line":128,"column":61},"end":{"line":128,"column":66}}],"line":128},"18":{"loc":{"start":{"line":134,"column":4},"end":{"line":134,"column":null}},"type":"if","locations":[{"start":{"line":134,"column":4},"end":{"line":134,"column":null}},{"start":{},"end":{}}],"line":134},"19":{"loc":{"start":{"line":135,"column":16},"end":{"line":135,"column":null}},"type":"binary-expr","locations":[{"start":{"line":135,"column":16},"end":{"line":135,"column":27}},{"start":{"line":135,"column":27},"end":{"line":135,"column":null}}],"line":135},"20":{"loc":{"start":{"line":138,"column":25},"end":{"line":138,"column":38}},"type":"binary-expr","locations":[{"start":{"line":138,"column":25},"end":{"line":138,"column":33}},{"start":{"line":138,"column":33},"end":{"line":138,"column":38}}],"line":138},"21":{"loc":{"start":{"line":156,"column":2},"end":{"line":156,"column":null}},"type":"if","locations":[{"start":{"line":156,"column":2},"end":{"line":156,"column":null}},{"start":{},"end":{}}],"line":156}},"s":{"0":18,"1":18,"2":18,"3":18,"4":18,"5":4,"6":18,"7":0,"8":0,"9":0,"10":0,"11":0,"12":0,"13":0,"14":0,"15":0,"16":0,"17":0,"18":0,"19":0,"20":0,"21":0,"22":0,"23":0,"24":0,"25":0,"26":0,"27":18,"28":0,"29":0,"30":0,"31":0,"32":0,"33":0,"34":0,"35":0,"36":0,"37":198,"38":198,"39":198,"40":198,"41":198,"42":198,"43":198,"44":99,"45":99,"46":99,"47":99,"48":17,"49":17,"50":82,"51":82,"52":0,"53":198,"54":99,"55":0,"56":99,"57":0,"58":0,"59":99,"60":99,"61":99,"62":198,"63":0,"64":0,"65":0,"66":0,"67":0,"68":0,"69":0,"70":0,"71":0,"72":0,"73":0,"74":0,"75":0,"76":0,"77":0,"78":0,"79":0,"80":0,"81":0,"82":0,"83":198,"84":0,"85":0,"86":0,"87":0,"88":0,"89":0,"90":198,"91":198,"92":44,"93":44,"94":0,"95":44},"f":{"0":4,"1":0,"2":0,"3":0,"4":0,"5":0,"6":0,"7":0,"8":0,"9":0,"10":198,"11":99,"12":99,"13":0,"14":99,"15":0,"16":0,"17":0,"18":44},"b":{"0":[0,0],"1":[0,0],"2":[0],"3":[0],"4":[0],"5":[0,0],"6":[17,82],"7":[0,82],"8":[0,99],"9":[99,0],"10":[0,0],"11":[0,0],"12":[0,0],"13":[0,0],"14":[0,0],"15":[0,0],"16":[0,0],"17":[0,0],"18":[0,0],"19":[0,0],"20":[0,0],"21":[0,44]},"meta":{"lastBranch":22,"lastFunction":19,"lastStatement":96,"seen":{"s:23:6:23:Infinity":0,"s:25:23:25:Infinity":1,"s:26:23:26:Infinity":2,"s:27:20:27:Infinity":3,"s:28:26:28:Infinity":4,"f:30:9:30:20":0,"s:30:43:30:67":5,"s:33:48:33:Infinity":6,"f:34:9:34:48":1,"b:35:2:42:Infinity:undefined:undefined:undefined:undefined":0,"s:35:2:42:Infinity":7,"s:36:4:41:Infinity":8,"s:37:6:37:Infinity":9,"b:37:34:37:58:37:58:37:93":1,"s:39:6:39:Infinity":10,"s:40:6:40:Infinity":11,"s:43:2:43:Infinity":12,"f:46:9:46:20":2,"b:46:27:46:32":2,"b:46:43:46:49":3,"b:46:55:46:67":4,"s:47:2:59:Infinity":13,"s:48:16:48:Infinity":14,"b:49:4:49:Infinity:undefined:undefined:undefined:undefined":5,"s:49:4:49:Infinity":15,"s:49:14:49:Infinity":16,"s:50:16:50:Infinity":17,"s:51:17:51:Infinity":18,"s:52:4:52:23":19,"s:52:23:52:Infinity":20,"s:53:4:53:Infinity":21,"s:54:4:54:Infinity":22,"s:55:4:55:Infinity":23,"s:56:4:56:Infinity":24,"s:57:4:57:Infinity":25,"s:58:4:58:Infinity":26,"s:62:27:68:Infinity":27,"f:63:12:63:18":3,"s:63:18:63:Infinity":28,"f:64:12:64:18":4,"s:64:18:64:Infinity":29,"f:65:12:65:18":5,"s:65:20:65:47":30,"s:65:47:65:97":31,"f:65:58:65:64":6,"s:65:64:65:91":32,"s:65:97:65:148":33,"f:65:108:65:114":7,"s:65:114:65:142":34,"f:66:12:66:18":8,"s:66:18:66:Infinity":35,"f:67:12:67:18":9,"s:67:18:67:Infinity":36,"f:70:16:70:27":10,"s:71:32:71:Infinity":37,"s:72:8:72:Infinity":38,"s:73:26:73:Infinity":39,"s:74:30:74:Infinity":40,"s:75:20:75:Infinity":41,"s:76:8:76:Infinity":42,"s:79:2:92:Infinity":43,"f:79:12:79:18":11,"s:80:4:91:Infinity":44,"s:81:12:81:Infinity":45,"s:82:25:82:Infinity":46,"b:83:6:90:Infinity:87:13:90:Infinity":6,"s:83:6:90:Infinity":47,"s:85:8:85:Infinity":48,"s:86:8:86:Infinity":49,"s:88:22:88:Infinity":50,"b:89:8:89:Infinity:undefined:undefined:undefined:undefined":7,"s:89:8:89:Infinity":51,"s:89:19:89:Infinity":52,"s:95:2:105:Infinity":53,"f:95:12:95:18":12,"b:96:4:96:Infinity:undefined:undefined:undefined:undefined":8,"s:96:4:96:Infinity":54,"s:96:26:96:Infinity":55,"s:97:4:101:Infinity":56,"f:97:34:97:40":13,"s:98:6:100:Infinity":57,"s:99:8:99:Infinity":58,"s:102:4:104:Infinity":59,"f:102:11:102:17":14,"b:103:6:103:Infinity:undefined:undefined:undefined:undefined":9,"s:103:6:103:Infinity":60,"s:103:28:103:Infinity":61,"s:107:8:131:Infinity":62,"f:107:30:107:51":15,"s:108:16:108:Infinity":63,"b:109:4:109:Infinity:undefined:undefined:undefined:undefined":10,"s:109:4:109:Infinity":64,"s:109:50:109:Infinity":65,"s:110:4:110:Infinity":66,"b:112:4:112:Infinity:undefined:undefined:undefined:undefined":11,"s:112:4:112:Infinity":67,"s:112:15:112:Infinity":68,"s:114:33:114:Infinity":69,"s:115:17:115:Infinity":70,"b:115:29:115:50:115:50:115:Infinity":12,"s:116:10:116:Infinity":71,"b:116:19:116:30:116:30:116:35":13,"s:117:17:117:Infinity":72,"b:117:17:117:31:117:31:117:Infinity":14,"s:119:4:119:Infinity":73,"s:119:40:119:Infinity":74,"b:121:4:125:Infinity:undefined:undefined:undefined:undefined":15,"s:121:4:125:Infinity":75,"b:121:18:121:32:121:32:121:36":16,"s:122:6:122:Infinity":76,"s:123:6:123:Infinity":77,"s:124:6:124:Infinity":78,"s:127:4:127:Infinity":79,"s:128:4:128:Infinity":80,"f:128:17:128:23":16,"s:128:23:128:73":81,"b:128:45:128:61:128:61:128:66":17,"s:130:4:130:Infinity":82,"s:133:8:139:Infinity":83,"f:133:33:133:34":17,"b:134:4:134:Infinity:undefined:undefined:undefined:undefined":18,"s:134:4:134:Infinity":84,"s:134:12:134:Infinity":85,"s:135:16:135:Infinity":86,"b:135:16:135:27:135:27:135:Infinity":19,"s:136:17:136:Infinity":87,"s:137:17:137:Infinity":88,"s:138:4:138:Infinity":89,"b:138:25:138:33:138:33:138:38":20,"s:141:31:145:Infinity":90,"s:147:2:150:Infinity":91,"f:154:16:154:39":18,"s:155:8:155:Infinity":92,"b:156:2:156:Infinity:undefined:undefined:undefined:undefined":21,"s:156:2:156:Infinity":93,"s:156:16:156:Infinity":94,"s:157:2:157:Infinity":95},"fnNames":{}}}
,"C:\\Users\\user\\OneDrive\\Desktop\\Virtuel.fr\\Nouveau dossier\\extracted\\virtuel-st\\src\\lib\\contexts\\index.tsx": {"path":"C:\\Users\\user\\OneDrive\\Desktop\\Virtuel.fr\\Nouveau dossier\\extracted\\virtuel-st\\src\\lib\\contexts\\index.tsx","statementMap":{"0":{"start":{"line":20,"column":2},"end":{"line":41,"column":null}},"1":{"start":{"line":62,"column":8},"end":{"line":62,"column":null}},"2":{"start":{"line":63,"column":8},"end":{"line":63,"column":null}},"3":{"start":{"line":64,"column":8},"end":{"line":64,"column":null}},"4":{"start":{"line":65,"column":8},"end":{"line":65,"column":null}},"5":{"start":{"line":66,"column":8},"end":{"line":66,"column":null}},"6":{"start":{"line":67,"column":8},"end":{"line":67,"column":null}},"7":{"start":{"line":68,"column":8},"end":{"line":68,"column":null}},"8":{"start":{"line":69,"column":8},"end":{"line":69,"column":null}},"9":{"start":{"line":70,"column":8},"end":{"line":70,"column":null}},"10":{"start":{"line":71,"column":8},"end":{"line":71,"column":null}},"11":{"start":{"line":73,"column":2},"end":{"line":94,"column":null}}},"fnMap":{"0":{"name":"ChatProvider","decl":{"start":{"line":19,"column":16},"end":{"line":19,"column":29}},"loc":{"start":{"line":19,"column":68},"end":{"line":43,"column":null}},"line":19},"1":{"name":"useChat","decl":{"start":{"line":61,"column":16},"end":{"line":61,"column":26}},"loc":{"start":{"line":61,"column":26},"end":{"line":95,"column":null}},"line":61}},"branchMap":{},"s":{"0":0,"1":0,"2":0,"3":0,"4":0,"5":0,"6":0,"7":0,"8":0,"9":0,"10":0,"11":0},"f":{"0":0,"1":0},"b":{},"meta":{"lastBranch":0,"lastFunction":2,"lastStatement":12,"seen":{"f:19:16:19:29":0,"s:20:2:41:Infinity":0,"f:61:16:61:26":1,"s:62:8:62:Infinity":1,"s:63:8:63:Infinity":2,"s:64:8:64:Infinity":3,"s:65:8:65:Infinity":4,"s:66:8:66:Infinity":5,"s:67:8:67:Infinity":6,"s:68:8:68:Infinity":7,"s:69:8:69:Infinity":8,"s:70:8:70:Infinity":9,"s:71:8:71:Infinity":10,"s:73:2:94:Infinity":11},"fnNames":{}}}
,"C:\\Users\\user\\OneDrive\\Desktop\\Virtuel.fr\\Nouveau dossier\\extracted\\virtuel-st\\src\\test\\utils\\testProviders.tsx": {"path":"C:\\Users\\user\\OneDrive\\Desktop\\Virtuel.fr\\Nouveau dossier\\extracted\\virtuel-st\\src\\test\\utils\\testProviders.tsx","statementMap":{"0":{"start":{"line":14,"column":2},"end":{"line":35,"column":null}}},"fnMap":{"0":{"name":"TestProviders","decl":{"start":{"line":13,"column":16},"end":{"line":13,"column":30}},"loc":{"start":{"line":13,"column":69},"end":{"line":37,"column":null}},"line":13}},"branchMap":{},"s":{"0":95},"f":{"0":95},"b":{},"meta":{"lastBranch":0,"lastFunction":1,"lastStatement":1,"seen":{"f:13:16:13:30":0,"s:14:2:35:Infinity":0},"fnNames":{}}}
}
